{"__type":"$$EventMessageWorkflow","id":"57ab97b2-29c1-41d3-9cab-d0280161117f","ts":"2025-08-21T02:33:30.869+00:00","eventName":"n8n.workflow.started","message":"n8n.workflow.started","payload":{"executionId":"69","workflowId":"EgA0TKzm0yI8KDxC","isManual":false,"workflowName":"Migração de dados"}}
{"__type":"$$EventMessageConfirm","confirm":"57ab97b2-29c1-41d3-9cab-d0280161117f","ts":"2025-08-21T02:33:30.869+00:00","source":{"id":"0","name":"eventBus"}}
{"__type":"$$EventMessageNode","id":"b02bea3e-399e-478a-a5b7-2784237bb7cf","ts":"2025-08-21T02:33:30.872+00:00","eventName":"n8n.node.started","message":"n8n.node.started","payload":{"workflowId":"EgA0TKzm0yI8KDxC","workflowName":"Migração de dados","executionId":"69","nodeType":"n8n-nodes-base.httpRequest","nodeName":"HTTP Request","nodeId":"d66d3ff5-cf27-4ce9-a698-5727b1754f07"}}
{"__type":"$$EventMessageConfirm","confirm":"b02bea3e-399e-478a-a5b7-2784237bb7cf","ts":"2025-08-21T02:33:30.872+00:00","source":{"id":"0","name":"eventBus"}}
{"__type":"$$EventMessageNode","id":"44e36744-5520-45e3-8c15-62e40733d3f4","ts":"2025-08-20T23:33:31.242-03:00","eventName":"n8n.node.finished","message":"n8n.node.finished","payload":{"workflowId":"EgA0TKzm0yI8KDxC","workflowName":"Migração de dados","executionId":"69","nodeType":"n8n-nodes-base.httpRequest","nodeName":"HTTP Request","nodeId":"d66d3ff5-cf27-4ce9-a698-5727b1754f07"}}
{"__type":"$$EventMessageConfirm","confirm":"44e36744-5520-45e3-8c15-62e40733d3f4","ts":"2025-08-20T23:33:31.242-03:00","source":{"id":"0","name":"eventBus"}}
{"__type":"$$EventMessageWorkflow","id":"0c29eb01-affe-4321-ae67-b70590f8ada9","ts":"2025-08-20T23:33:31.253-03:00","eventName":"n8n.workflow.success","message":"n8n.workflow.success","payload":{"userId":"e6246bcb-7e8e-456b-b834-e5d3d76715e3","executionId":"69","success":true,"isManual":true,"workflowId":"EgA0TKzm0yI8KDxC","workflowName":"Migração de dados"}}
{"__type":"$$EventMessageConfirm","confirm":"0c29eb01-affe-4321-ae67-b70590f8ada9","ts":"2025-08-20T23:33:31.253-03:00","source":{"id":"0","name":"eventBus"}}
{"__type":"$$EventMessageAudit","id":"9d2413c3-0409-4b0b-8bf9-a134513444c9","ts":"2025-08-20T23:33:38.297-03:00","eventName":"n8n.audit.workflow.updated","message":"n8n.audit.workflow.updated","payload":{"userId":"e6246bcb-7e8e-456b-b834-e5d3d76715e3","_email":"hfelixmsouza@gmail.com","_firstName":"Helmer","_lastName":"Barcelos","globalRole":"global:owner","workflowId":"EgA0TKzm0yI8KDxC","workflowName":"Migração de dados"}}
{"__type":"$$EventMessageConfirm","confirm":"9d2413c3-0409-4b0b-8bf9-a134513444c9","ts":"2025-08-20T23:33:38.297-03:00","source":{"id":"0","name":"eventBus"}}
{"__type":"$$EventMessageWorkflow","id":"5eab5aeb-86e9-473a-99ba-93b28fa36c33","ts":"2025-08-20T23:36:13.331-03:00","eventName":"n8n.workflow.started","message":"n8n.workflow.started","payload":{"executionId":"70","workflowId":"EgA0TKzm0yI8KDxC","isManual":false,"workflowName":"Migração de dados"}}
{"__type":"$$EventMessageConfirm","confirm":"5eab5aeb-86e9-473a-99ba-93b28fa36c33","ts":"2025-08-20T23:36:13.332-03:00","source":{"id":"0","name":"eventBus"}}
{"__type":"$$EventMessageNode","id":"f6e12de5-4271-4d32-889b-b6d9dda48b91","ts":"2025-08-20T23:36:13.333-03:00","eventName":"n8n.node.started","message":"n8n.node.started","payload":{"workflowId":"EgA0TKzm0yI8KDxC","workflowName":"Migração de dados","executionId":"70","nodeType":"n8n-nodes-base.manualTrigger","nodeName":"When clicking ‘Execute workflow’","nodeId":"81a209d8-ee80-4676-a809-1517c115370e"}}
{"__type":"$$EventMessageConfirm","confirm":"f6e12de5-4271-4d32-889b-b6d9dda48b91","ts":"2025-08-20T23:36:13.333-03:00","source":{"id":"0","name":"eventBus"}}
{"__type":"$$EventMessageNode","id":"414b1f5f-43ca-4a41-a881-6e2ef2f3f070","ts":"2025-08-20T23:36:13.337-03:00","eventName":"n8n.node.finished","message":"n8n.node.finished","payload":{"workflowId":"EgA0TKzm0yI8KDxC","workflowName":"Migração de dados","executionId":"70","nodeType":"n8n-nodes-base.manualTrigger","nodeName":"When clicking ‘Execute workflow’","nodeId":"81a209d8-ee80-4676-a809-1517c115370e"}}
{"__type":"$$EventMessageConfirm","confirm":"414b1f5f-43ca-4a41-a881-6e2ef2f3f070","ts":"2025-08-20T23:36:13.338-03:00","source":{"id":"0","name":"eventBus"}}
{"__type":"$$EventMessageNode","id":"ec4c6137-8bb0-49c2-83f8-b87b792fafc1","ts":"2025-08-20T23:36:13.338-03:00","eventName":"n8n.node.started","message":"n8n.node.started","payload":{"workflowId":"EgA0TKzm0yI8KDxC","workflowName":"Migração de dados","executionId":"70","nodeType":"n8n-nodes-base.googleSheets","nodeName":"pega linhas RH","nodeId":"03ca851d-7626-4836-a0cb-8597ec71ff56"}}
{"__type":"$$EventMessageConfirm","confirm":"ec4c6137-8bb0-49c2-83f8-b87b792fafc1","ts":"2025-08-20T23:36:13.338-03:00","source":{"id":"0","name":"eventBus"}}
{"__type":"$$EventMessageNode","id":"5ad667eb-b315-4a9a-8387-2b3d2ab8688e","ts":"2025-08-20T23:36:14.602-03:00","eventName":"n8n.node.finished","message":"n8n.node.finished","payload":{"workflowId":"EgA0TKzm0yI8KDxC","workflowName":"Migração de dados","executionId":"70","nodeType":"n8n-nodes-base.googleSheets","nodeName":"pega linhas RH","nodeId":"03ca851d-7626-4836-a0cb-8597ec71ff56"}}
{"__type":"$$EventMessageConfirm","confirm":"5ad667eb-b315-4a9a-8387-2b3d2ab8688e","ts":"2025-08-20T23:36:14.602-03:00","source":{"id":"0","name":"eventBus"}}
{"__type":"$$EventMessageNode","id":"97dd0757-b3cc-47e9-afe4-1df94d4563f7","ts":"2025-08-20T23:36:14.602-03:00","eventName":"n8n.node.started","message":"n8n.node.started","payload":{"workflowId":"EgA0TKzm0yI8KDxC","workflowName":"Migração de dados","executionId":"70","nodeType":"n8n-nodes-base.set","nodeName":"Set RH","nodeId":"2cf19e78-fb7b-44a2-9a53-8fcc2cf498d5"}}
{"__type":"$$EventMessageConfirm","confirm":"97dd0757-b3cc-47e9-afe4-1df94d4563f7","ts":"2025-08-20T23:36:14.603-03:00","source":{"id":"0","name":"eventBus"}}
{"__type":"$$EventMessageNode","id":"d4e91d95-00fe-406a-b0ca-91cb409c2d5e","ts":"2025-08-20T23:36:14.638-03:00","eventName":"n8n.node.finished","message":"n8n.node.finished","payload":{"workflowId":"EgA0TKzm0yI8KDxC","workflowName":"Migração de dados","executionId":"70","nodeType":"n8n-nodes-base.set","nodeName":"Set RH","nodeId":"2cf19e78-fb7b-44a2-9a53-8fcc2cf498d5"}}
{"__type":"$$EventMessageConfirm","confirm":"d4e91d95-00fe-406a-b0ca-91cb409c2d5e","ts":"2025-08-20T23:36:14.638-03:00","source":{"id":"0","name":"eventBus"}}
{"__type":"$$EventMessageNode","id":"2281184e-7608-4006-887c-2988abd78333","ts":"2025-08-20T23:36:14.639-03:00","eventName":"n8n.node.started","message":"n8n.node.started","payload":{"workflowId":"EgA0TKzm0yI8KDxC","workflowName":"Migração de dados","executionId":"70","nodeType":"n8n-nodes-base.httpRequest","nodeName":"HTTP Request","nodeId":"d66d3ff5-cf27-4ce9-a698-5727b1754f07"}}
{"__type":"$$EventMessageConfirm","confirm":"2281184e-7608-4006-887c-2988abd78333","ts":"2025-08-20T23:36:14.639-03:00","source":{"id":"0","name":"eventBus"}}
{"__type":"$$EventMessageNode","id":"db93eb7a-91be-4b89-ae48-d112b71c552a","ts":"2025-08-20T23:36:14.804-03:00","eventName":"n8n.node.finished","message":"n8n.node.finished","payload":{"workflowId":"EgA0TKzm0yI8KDxC","workflowName":"Migração de dados","executionId":"70","nodeType":"n8n-nodes-base.httpRequest","nodeName":"HTTP Request","nodeId":"d66d3ff5-cf27-4ce9-a698-5727b1754f07"}}
{"__type":"$$EventMessageConfirm","confirm":"db93eb7a-91be-4b89-ae48-d112b71c552a","ts":"2025-08-20T23:36:14.804-03:00","source":{"id":"0","name":"eventBus"}}
{"__type":"$$EventMessageNode","id":"68fa452a-f2fa-4dbf-9616-54bf0f781fec","ts":"2025-08-20T23:36:14.804-03:00","eventName":"n8n.node.started","message":"n8n.node.started","payload":{"workflowId":"EgA0TKzm0yI8KDxC","workflowName":"Migração de dados","executionId":"70","nodeType":"n8n-nodes-base.googleSheets","nodeName":"pega linhas IA1","nodeId":"5571721e-fd55-4109-b4ec-7859dcb05118"}}
{"__type":"$$EventMessageConfirm","confirm":"68fa452a-f2fa-4dbf-9616-54bf0f781fec","ts":"2025-08-20T23:36:14.805-03:00","source":{"id":"0","name":"eventBus"}}
{"__type":"$$EventMessageNode","id":"8e53dd93-9a8a-4c03-acb2-736958273f22","ts":"2025-08-20T23:36:15.985-03:00","eventName":"n8n.node.finished","message":"n8n.node.finished","payload":{"workflowId":"EgA0TKzm0yI8KDxC","workflowName":"Migração de dados","executionId":"70","nodeType":"n8n-nodes-base.googleSheets","nodeName":"pega linhas IA1","nodeId":"5571721e-fd55-4109-b4ec-7859dcb05118"}}
{"__type":"$$EventMessageConfirm","confirm":"8e53dd93-9a8a-4c03-acb2-736958273f22","ts":"2025-08-20T23:36:15.985-03:00","source":{"id":"0","name":"eventBus"}}
{"__type":"$$EventMessageNode","id":"c2eaffe6-19fb-4b10-83a7-e03f603770ae","ts":"2025-08-20T23:36:15.987-03:00","eventName":"n8n.node.started","message":"n8n.node.started","payload":{"workflowId":"EgA0TKzm0yI8KDxC","workflowName":"Migração de dados","executionId":"70","nodeType":"n8n-nodes-base.set","nodeName":"Set IA","nodeId":"3b2c0c76-72de-486f-9419-2a7bcff4bb11"}}
{"__type":"$$EventMessageConfirm","confirm":"c2eaffe6-19fb-4b10-83a7-e03f603770ae","ts":"2025-08-20T23:36:15.987-03:00","source":{"id":"0","name":"eventBus"}}
{"__type":"$$EventMessageNode","id":"87233c2d-aa71-4ee8-910a-2d55364b7ae8","ts":"2025-08-20T23:36:16.004-03:00","eventName":"n8n.node.finished","message":"n8n.node.finished","payload":{"workflowId":"EgA0TKzm0yI8KDxC","workflowName":"Migração de dados","executionId":"70","nodeType":"n8n-nodes-base.set","nodeName":"Set IA","nodeId":"3b2c0c76-72de-486f-9419-2a7bcff4bb11"}}
{"__type":"$$EventMessageConfirm","confirm":"87233c2d-aa71-4ee8-910a-2d55364b7ae8","ts":"2025-08-20T23:36:16.004-03:00","source":{"id":"0","name":"eventBus"}}
{"__type":"$$EventMessageNode","id":"aa524d95-43f6-42ba-b47a-5f39a5d4f7cc","ts":"2025-08-20T23:36:16.005-03:00","eventName":"n8n.node.started","message":"n8n.node.started","payload":{"workflowId":"EgA0TKzm0yI8KDxC","workflowName":"Migração de dados","executionId":"70","nodeType":"n8n-nodes-base.httpRequest","nodeName":"HTTP Request","nodeId":"d66d3ff5-cf27-4ce9-a698-5727b1754f07"}}
{"__type":"$$EventMessageConfirm","confirm":"aa524d95-43f6-42ba-b47a-5f39a5d4f7cc","ts":"2025-08-20T23:36:16.005-03:00","source":{"id":"0","name":"eventBus"}}
{"__type":"$$EventMessageNode","id":"ef5c6f61-1672-48b6-b01f-321b9a37e89d","ts":"2025-08-20T23:36:16.038-03:00","eventName":"n8n.node.finished","message":"n8n.node.finished","payload":{"workflowId":"EgA0TKzm0yI8KDxC","workflowName":"Migração de dados","executionId":"70","nodeType":"n8n-nodes-base.httpRequest","nodeName":"HTTP Request","nodeId":"d66d3ff5-cf27-4ce9-a698-5727b1754f07"}}
{"__type":"$$EventMessageConfirm","confirm":"ef5c6f61-1672-48b6-b01f-321b9a37e89d","ts":"2025-08-20T23:36:16.038-03:00","source":{"id":"0","name":"eventBus"}}
{"__type":"$$EventMessageNode","id":"d0972aed-bbff-49de-a814-dd26a39dbd1e","ts":"2025-08-20T23:36:16.039-03:00","eventName":"n8n.node.started","message":"n8n.node.started","payload":{"workflowId":"EgA0TKzm0yI8KDxC","workflowName":"Migração de dados","executionId":"70","nodeType":"n8n-nodes-base.googleSheets","nodeName":"pega linhas Marketing","nodeId":"da73adc7-1435-4142-84fa-3a01d59bfd2d"}}
{"__type":"$$EventMessageConfirm","confirm":"d0972aed-bbff-49de-a814-dd26a39dbd1e","ts":"2025-08-20T23:36:16.039-03:00","source":{"id":"0","name":"eventBus"}}
{"__type":"$$EventMessageNode","id":"cb0251d6-9eb9-4e16-b90c-83cf7287a117","ts":"2025-08-20T23:36:17.249-03:00","eventName":"n8n.node.finished","message":"n8n.node.finished","payload":{"workflowId":"EgA0TKzm0yI8KDxC","workflowName":"Migração de dados","executionId":"70","nodeType":"n8n-nodes-base.googleSheets","nodeName":"pega linhas Marketing","nodeId":"da73adc7-1435-4142-84fa-3a01d59bfd2d"}}
{"__type":"$$EventMessageConfirm","confirm":"cb0251d6-9eb9-4e16-b90c-83cf7287a117","ts":"2025-08-20T23:36:17.249-03:00","source":{"id":"0","name":"eventBus"}}
{"__type":"$$EventMessageNode","id":"8cc0f164-de6a-428e-99ed-9731271d8e91","ts":"2025-08-20T23:36:17.250-03:00","eventName":"n8n.node.started","message":"n8n.node.started","payload":{"workflowId":"EgA0TKzm0yI8KDxC","workflowName":"Migração de dados","executionId":"70","nodeType":"n8n-nodes-base.set","nodeName":"Set Marketing","nodeId":"0d3eb093-05c6-48ba-b543-5010417cc63a"}}
{"__type":"$$EventMessageConfirm","confirm":"8cc0f164-de6a-428e-99ed-9731271d8e91","ts":"2025-08-20T23:36:17.250-03:00","source":{"id":"0","name":"eventBus"}}
{"__type":"$$EventMessageNode","id":"f9a7c084-cd3d-4156-87d1-4ec6a2130029","ts":"2025-08-20T23:36:17.272-03:00","eventName":"n8n.node.finished","message":"n8n.node.finished","payload":{"workflowId":"EgA0TKzm0yI8KDxC","workflowName":"Migração de dados","executionId":"70","nodeType":"n8n-nodes-base.set","nodeName":"Set Marketing","nodeId":"0d3eb093-05c6-48ba-b543-5010417cc63a"}}
{"__type":"$$EventMessageConfirm","confirm":"f9a7c084-cd3d-4156-87d1-4ec6a2130029","ts":"2025-08-20T23:36:17.272-03:00","source":{"id":"0","name":"eventBus"}}
{"__type":"$$EventMessageWorkflow","id":"3716090d-87ed-410d-bca0-340bfbb60fea","ts":"2025-08-20T23:36:17.278-03:00","eventName":"n8n.workflow.success","message":"n8n.workflow.success","payload":{"userId":"e6246bcb-7e8e-456b-b834-e5d3d76715e3","executionId":"70","success":true,"isManual":true,"workflowId":"EgA0TKzm0yI8KDxC","workflowName":"Migração de dados"}}
{"__type":"$$EventMessageConfirm","confirm":"3716090d-87ed-410d-bca0-340bfbb60fea","ts":"2025-08-20T23:36:17.278-03:00","source":{"id":"0","name":"eventBus"}}
{"__type":"$$EventMessageWorkflow","id":"1e186662-fbeb-40e2-af64-af98673c500b","ts":"2025-08-20T23:36:51.016-03:00","eventName":"n8n.workflow.started","message":"n8n.workflow.started","payload":{"executionId":"71","workflowId":"EgA0TKzm0yI8KDxC","isManual":false,"workflowName":"Migração de dados"}}
{"__type":"$$EventMessageConfirm","confirm":"1e186662-fbeb-40e2-af64-af98673c500b","ts":"2025-08-20T23:36:51.017-03:00","source":{"id":"0","name":"eventBus"}}
{"__type":"$$EventMessageNode","id":"a2501641-6646-44b2-a389-6e7233558eb4","ts":"2025-08-20T23:36:51.018-03:00","eventName":"n8n.node.started","message":"n8n.node.started","payload":{"workflowId":"EgA0TKzm0yI8KDxC","workflowName":"Migração de dados","executionId":"71","nodeType":"n8n-nodes-base.manualTrigger","nodeName":"When clicking ‘Execute workflow’","nodeId":"81a209d8-ee80-4676-a809-1517c115370e"}}
{"__type":"$$EventMessageConfirm","confirm":"a2501641-6646-44b2-a389-6e7233558eb4","ts":"2025-08-20T23:36:51.018-03:00","source":{"id":"0","name":"eventBus"}}
{"__type":"$$EventMessageNode","id":"3916aa32-ffa0-4baf-933f-47cca36f3f22","ts":"2025-08-20T23:36:51.020-03:00","eventName":"n8n.node.finished","message":"n8n.node.finished","payload":{"workflowId":"EgA0TKzm0yI8KDxC","workflowName":"Migração de dados","executionId":"71","nodeType":"n8n-nodes-base.manualTrigger","nodeName":"When clicking ‘Execute workflow’","nodeId":"81a209d8-ee80-4676-a809-1517c115370e"}}
{"__type":"$$EventMessageConfirm","confirm":"3916aa32-ffa0-4baf-933f-47cca36f3f22","ts":"2025-08-20T23:36:51.020-03:00","source":{"id":"0","name":"eventBus"}}
{"__type":"$$EventMessageNode","id":"6cebd77c-273b-4f1a-ba60-13bd78919941","ts":"2025-08-20T23:36:51.021-03:00","eventName":"n8n.node.started","message":"n8n.node.started","payload":{"workflowId":"EgA0TKzm0yI8KDxC","workflowName":"Migração de dados","executionId":"71","nodeType":"n8n-nodes-base.googleSheets","nodeName":"pega linhas RH","nodeId":"03ca851d-7626-4836-a0cb-8597ec71ff56"}}
{"__type":"$$EventMessageConfirm","confirm":"6cebd77c-273b-4f1a-ba60-13bd78919941","ts":"2025-08-20T23:36:51.021-03:00","source":{"id":"0","name":"eventBus"}}
{"__type":"$$EventMessageNode","id":"46201bad-345f-4d89-977f-514da695a2ef","ts":"2025-08-20T23:36:51.868-03:00","eventName":"n8n.node.finished","message":"n8n.node.finished","payload":{"workflowId":"EgA0TKzm0yI8KDxC","workflowName":"Migração de dados","executionId":"71","nodeType":"n8n-nodes-base.googleSheets","nodeName":"pega linhas RH","nodeId":"03ca851d-7626-4836-a0cb-8597ec71ff56"}}
{"__type":"$$EventMessageConfirm","confirm":"46201bad-345f-4d89-977f-514da695a2ef","ts":"2025-08-20T23:36:51.868-03:00","source":{"id":"0","name":"eventBus"}}
{"__type":"$$EventMessageNode","id":"2a61e7e2-35b1-473f-8b02-7b79187fd6ba","ts":"2025-08-20T23:36:51.869-03:00","eventName":"n8n.node.started","message":"n8n.node.started","payload":{"workflowId":"EgA0TKzm0yI8KDxC","workflowName":"Migração de dados","executionId":"71","nodeType":"n8n-nodes-base.set","nodeName":"Set RH","nodeId":"2cf19e78-fb7b-44a2-9a53-8fcc2cf498d5"}}
{"__type":"$$EventMessageConfirm","confirm":"2a61e7e2-35b1-473f-8b02-7b79187fd6ba","ts":"2025-08-20T23:36:51.869-03:00","source":{"id":"0","name":"eventBus"}}
{"__type":"$$EventMessageNode","id":"e18a0824-2b3e-40dc-b1e3-d7081babb122","ts":"2025-08-20T23:36:51.877-03:00","eventName":"n8n.node.finished","message":"n8n.node.finished","payload":{"workflowId":"EgA0TKzm0yI8KDxC","workflowName":"Migração de dados","executionId":"71","nodeType":"n8n-nodes-base.set","nodeName":"Set RH","nodeId":"2cf19e78-fb7b-44a2-9a53-8fcc2cf498d5"}}
{"__type":"$$EventMessageConfirm","confirm":"e18a0824-2b3e-40dc-b1e3-d7081babb122","ts":"2025-08-20T23:36:51.877-03:00","source":{"id":"0","name":"eventBus"}}
{"__type":"$$EventMessageNode","id":"14b13342-43a5-43b2-84a1-89a2dc931d0b","ts":"2025-08-20T23:36:51.878-03:00","eventName":"n8n.node.started","message":"n8n.node.started","payload":{"workflowId":"EgA0TKzm0yI8KDxC","workflowName":"Migração de dados","executionId":"71","nodeType":"n8n-nodes-base.httpRequest","nodeName":"HTTP Request","nodeId":"d66d3ff5-cf27-4ce9-a698-5727b1754f07"}}
{"__type":"$$EventMessageConfirm","confirm":"14b13342-43a5-43b2-84a1-89a2dc931d0b","ts":"2025-08-20T23:36:51.878-03:00","source":{"id":"0","name":"eventBus"}}
{"__type":"$$EventMessageNode","id":"7bcf0ba0-fa3d-4e7c-a293-d774a79e0e15","ts":"2025-08-20T23:36:52.039-03:00","eventName":"n8n.node.finished","message":"n8n.node.finished","payload":{"workflowId":"EgA0TKzm0yI8KDxC","workflowName":"Migração de dados","executionId":"71","nodeType":"n8n-nodes-base.httpRequest","nodeName":"HTTP Request","nodeId":"d66d3ff5-cf27-4ce9-a698-5727b1754f07"}}
{"__type":"$$EventMessageConfirm","confirm":"7bcf0ba0-fa3d-4e7c-a293-d774a79e0e15","ts":"2025-08-20T23:36:52.039-03:00","source":{"id":"0","name":"eventBus"}}
{"__type":"$$EventMessageNode","id":"cf459a26-6227-4136-b616-b1f4620876e0","ts":"2025-08-20T23:36:52.040-03:00","eventName":"n8n.node.started","message":"n8n.node.started","payload":{"workflowId":"EgA0TKzm0yI8KDxC","workflowName":"Migração de dados","executionId":"71","nodeType":"n8n-nodes-base.googleSheets","nodeName":"pega linhas IA1","nodeId":"5571721e-fd55-4109-b4ec-7859dcb05118"}}
{"__type":"$$EventMessageConfirm","confirm":"cf459a26-6227-4136-b616-b1f4620876e0","ts":"2025-08-20T23:36:52.040-03:00","source":{"id":"0","name":"eventBus"}}
{"__type":"$$EventMessageNode","id":"3f1cf0fc-c498-45b7-a44c-e99aa3900b89","ts":"2025-08-20T23:36:52.871-03:00","eventName":"n8n.node.finished","message":"n8n.node.finished","payload":{"workflowId":"EgA0TKzm0yI8KDxC","workflowName":"Migração de dados","executionId":"71","nodeType":"n8n-nodes-base.googleSheets","nodeName":"pega linhas IA1","nodeId":"5571721e-fd55-4109-b4ec-7859dcb05118"}}
{"__type":"$$EventMessageConfirm","confirm":"3f1cf0fc-c498-45b7-a44c-e99aa3900b89","ts":"2025-08-20T23:36:52.872-03:00","source":{"id":"0","name":"eventBus"}}
{"__type":"$$EventMessageNode","id":"86c945c9-9a6d-4a5e-a694-13519b87316d","ts":"2025-08-20T23:36:52.872-03:00","eventName":"n8n.node.started","message":"n8n.node.started","payload":{"workflowId":"EgA0TKzm0yI8KDxC","workflowName":"Migração de dados","executionId":"71","nodeType":"n8n-nodes-base.set","nodeName":"Set IA","nodeId":"3b2c0c76-72de-486f-9419-2a7bcff4bb11"}}
{"__type":"$$EventMessageConfirm","confirm":"86c945c9-9a6d-4a5e-a694-13519b87316d","ts":"2025-08-20T23:36:52.872-03:00","source":{"id":"0","name":"eventBus"}}
{"__type":"$$EventMessageNode","id":"b88af8e7-ae26-4c62-a01c-8564e7dcaafe","ts":"2025-08-20T23:36:52.878-03:00","eventName":"n8n.node.finished","message":"n8n.node.finished","payload":{"workflowId":"EgA0TKzm0yI8KDxC","workflowName":"Migração de dados","executionId":"71","nodeType":"n8n-nodes-base.set","nodeName":"Set IA","nodeId":"3b2c0c76-72de-486f-9419-2a7bcff4bb11"}}
{"__type":"$$EventMessageConfirm","confirm":"b88af8e7-ae26-4c62-a01c-8564e7dcaafe","ts":"2025-08-20T23:36:52.878-03:00","source":{"id":"0","name":"eventBus"}}
{"__type":"$$EventMessageNode","id":"a8df0efa-92cb-430a-83c4-550c1e95b20a","ts":"2025-08-20T23:36:52.878-03:00","eventName":"n8n.node.started","message":"n8n.node.started","payload":{"workflowId":"EgA0TKzm0yI8KDxC","workflowName":"Migração de dados","executionId":"71","nodeType":"n8n-nodes-base.httpRequest","nodeName":"HTTP Request","nodeId":"d66d3ff5-cf27-4ce9-a698-5727b1754f07"}}
{"__type":"$$EventMessageConfirm","confirm":"a8df0efa-92cb-430a-83c4-550c1e95b20a","ts":"2025-08-20T23:36:52.879-03:00","source":{"id":"0","name":"eventBus"}}
{"__type":"$$EventMessageNode","id":"a8584bf9-ad4b-4965-bf0a-b06da3dcb8ad","ts":"2025-08-20T23:36:52.910-03:00","eventName":"n8n.node.finished","message":"n8n.node.finished","payload":{"workflowId":"EgA0TKzm0yI8KDxC","workflowName":"Migração de dados","executionId":"71","nodeType":"n8n-nodes-base.httpRequest","nodeName":"HTTP Request","nodeId":"d66d3ff5-cf27-4ce9-a698-5727b1754f07"}}
{"__type":"$$EventMessageConfirm","confirm":"a8584bf9-ad4b-4965-bf0a-b06da3dcb8ad","ts":"2025-08-20T23:36:52.910-03:00","source":{"id":"0","name":"eventBus"}}
{"__type":"$$EventMessageNode","id":"686d0e12-43d5-4e81-a252-194dceb6c33a","ts":"2025-08-20T23:36:52.911-03:00","eventName":"n8n.node.started","message":"n8n.node.started","payload":{"workflowId":"EgA0TKzm0yI8KDxC","workflowName":"Migração de dados","executionId":"71","nodeType":"n8n-nodes-base.googleSheets","nodeName":"pega linhas Marketing","nodeId":"da73adc7-1435-4142-84fa-3a01d59bfd2d"}}
{"__type":"$$EventMessageConfirm","confirm":"686d0e12-43d5-4e81-a252-194dceb6c33a","ts":"2025-08-20T23:36:52.911-03:00","source":{"id":"0","name":"eventBus"}}
{"__type":"$$EventMessageNode","id":"f03dbeb8-a797-42f2-877a-9dc0ca368061","ts":"2025-08-20T23:36:53.759-03:00","eventName":"n8n.node.finished","message":"n8n.node.finished","payload":{"workflowId":"EgA0TKzm0yI8KDxC","workflowName":"Migração de dados","executionId":"71","nodeType":"n8n-nodes-base.googleSheets","nodeName":"pega linhas Marketing","nodeId":"da73adc7-1435-4142-84fa-3a01d59bfd2d"}}
{"__type":"$$EventMessageConfirm","confirm":"f03dbeb8-a797-42f2-877a-9dc0ca368061","ts":"2025-08-20T23:36:53.759-03:00","source":{"id":"0","name":"eventBus"}}
{"__type":"$$EventMessageNode","id":"62784ddc-3e77-4907-9146-de3022514dc1","ts":"2025-08-20T23:36:53.759-03:00","eventName":"n8n.node.started","message":"n8n.node.started","payload":{"workflowId":"EgA0TKzm0yI8KDxC","workflowName":"Migração de dados","executionId":"71","nodeType":"n8n-nodes-base.set","nodeName":"Set Marketing","nodeId":"0d3eb093-05c6-48ba-b543-5010417cc63a"}}
{"__type":"$$EventMessageConfirm","confirm":"62784ddc-3e77-4907-9146-de3022514dc1","ts":"2025-08-20T23:36:53.759-03:00","source":{"id":"0","name":"eventBus"}}
{"__type":"$$EventMessageNode","id":"b859306f-78aa-44ef-a53b-4e303909c001","ts":"2025-08-20T23:36:53.770-03:00","eventName":"n8n.node.finished","message":"n8n.node.finished","payload":{"workflowId":"EgA0TKzm0yI8KDxC","workflowName":"Migração de dados","executionId":"71","nodeType":"n8n-nodes-base.set","nodeName":"Set Marketing","nodeId":"0d3eb093-05c6-48ba-b543-5010417cc63a"}}
{"__type":"$$EventMessageConfirm","confirm":"b859306f-78aa-44ef-a53b-4e303909c001","ts":"2025-08-20T23:36:53.770-03:00","source":{"id":"0","name":"eventBus"}}
{"__type":"$$EventMessageNode","id":"54fd7614-2c69-4889-9e57-0560d08d4e28","ts":"2025-08-20T23:36:53.771-03:00","eventName":"n8n.node.started","message":"n8n.node.started","payload":{"workflowId":"EgA0TKzm0yI8KDxC","workflowName":"Migração de dados","executionId":"71","nodeType":"n8n-nodes-base.httpRequest","nodeName":"HTTP Request","nodeId":"d66d3ff5-cf27-4ce9-a698-5727b1754f07"}}
{"__type":"$$EventMessageConfirm","confirm":"54fd7614-2c69-4889-9e57-0560d08d4e28","ts":"2025-08-20T23:36:53.771-03:00","source":{"id":"0","name":"eventBus"}}
{"__type":"$$EventMessageNode","id":"a7ed8e8f-3b7e-4aca-92f7-8817fae1dbae","ts":"2025-08-20T23:36:53.930-03:00","eventName":"n8n.node.finished","message":"n8n.node.finished","payload":{"workflowId":"EgA0TKzm0yI8KDxC","workflowName":"Migração de dados","executionId":"71","nodeType":"n8n-nodes-base.httpRequest","nodeName":"HTTP Request","nodeId":"d66d3ff5-cf27-4ce9-a698-5727b1754f07"}}
{"__type":"$$EventMessageConfirm","confirm":"a7ed8e8f-3b7e-4aca-92f7-8817fae1dbae","ts":"2025-08-20T23:36:53.930-03:00","source":{"id":"0","name":"eventBus"}}
{"__type":"$$EventMessageWorkflow","id":"77f55c84-8b36-453f-98bc-b58b9d4fe301","ts":"2025-08-20T23:36:53.933-03:00","eventName":"n8n.workflow.failed","message":"n8n.workflow.failed","payload":{"userId":"e6246bcb-7e8e-456b-b834-e5d3d76715e3","executionId":"71","success":false,"isManual":true,"workflowId":"EgA0TKzm0yI8KDxC","workflowName":"Migração de dados","lastNodeExecuted":"HTTP Request","errorNodeType":"n8n-nodes-base.httpRequest","errorMessage":"Your request is invalid or could not be processed by the service"}}
{"__type":"$$EventMessageConfirm","confirm":"77f55c84-8b36-453f-98bc-b58b9d4fe301","ts":"2025-08-20T23:36:53.933-03:00","source":{"id":"0","name":"eventBus"}}
{"__type":"$$EventMessageWorkflow","id":"7f3ec2e5-fae5-48ef-a537-8b13b744adb4","ts":"2025-08-20T23:37:40.225-03:00","eventName":"n8n.workflow.started","message":"n8n.workflow.started","payload":{"executionId":"72","workflowId":"EgA0TKzm0yI8KDxC","isManual":false,"workflowName":"Migração de dados"}}
{"__type":"$$EventMessageConfirm","confirm":"7f3ec2e5-fae5-48ef-a537-8b13b744adb4","ts":"2025-08-20T23:37:40.226-03:00","source":{"id":"0","name":"eventBus"}}
{"__type":"$$EventMessageNode","id":"5413355b-d82d-4c55-8f17-ca1c567193d3","ts":"2025-08-20T23:37:40.226-03:00","eventName":"n8n.node.started","message":"n8n.node.started","payload":{"workflowId":"EgA0TKzm0yI8KDxC","workflowName":"Migração de dados","executionId":"72","nodeType":"n8n-nodes-base.manualTrigger","nodeName":"When clicking ‘Execute workflow’","nodeId":"81a209d8-ee80-4676-a809-1517c115370e"}}
{"__type":"$$EventMessageConfirm","confirm":"5413355b-d82d-4c55-8f17-ca1c567193d3","ts":"2025-08-20T23:37:40.227-03:00","source":{"id":"0","name":"eventBus"}}
{"__type":"$$EventMessageNode","id":"34a32e18-b224-48eb-bf28-a91281ce03e9","ts":"2025-08-20T23:37:40.229-03:00","eventName":"n8n.node.finished","message":"n8n.node.finished","payload":{"workflowId":"EgA0TKzm0yI8KDxC","workflowName":"Migração de dados","executionId":"72","nodeType":"n8n-nodes-base.manualTrigger","nodeName":"When clicking ‘Execute workflow’","nodeId":"81a209d8-ee80-4676-a809-1517c115370e"}}
{"__type":"$$EventMessageConfirm","confirm":"34a32e18-b224-48eb-bf28-a91281ce03e9","ts":"2025-08-20T23:37:40.230-03:00","source":{"id":"0","name":"eventBus"}}
{"__type":"$$EventMessageNode","id":"ab2a8392-6082-4411-8d9d-6de66b1d805e","ts":"2025-08-20T23:37:40.231-03:00","eventName":"n8n.node.started","message":"n8n.node.started","payload":{"workflowId":"EgA0TKzm0yI8KDxC","workflowName":"Migração de dados","executionId":"72","nodeType":"n8n-nodes-base.googleSheets","nodeName":"pega linhas RH","nodeId":"03ca851d-7626-4836-a0cb-8597ec71ff56"}}
{"__type":"$$EventMessageConfirm","confirm":"ab2a8392-6082-4411-8d9d-6de66b1d805e","ts":"2025-08-20T23:37:40.231-03:00","source":{"id":"0","name":"eventBus"}}
{"__type":"$$EventMessageNode","id":"0cb57162-5ff6-4324-a32d-ecaa28ea9595","ts":"2025-08-20T23:37:41.958-03:00","eventName":"n8n.node.finished","message":"n8n.node.finished","payload":{"workflowId":"EgA0TKzm0yI8KDxC","workflowName":"Migração de dados","executionId":"72","nodeType":"n8n-nodes-base.googleSheets","nodeName":"pega linhas RH","nodeId":"03ca851d-7626-4836-a0cb-8597ec71ff56"}}
{"__type":"$$EventMessageConfirm","confirm":"0cb57162-5ff6-4324-a32d-ecaa28ea9595","ts":"2025-08-20T23:37:41.958-03:00","source":{"id":"0","name":"eventBus"}}
{"__type":"$$EventMessageNode","id":"60173e81-3093-4ecf-b258-ecb013f54bc3","ts":"2025-08-20T23:37:41.958-03:00","eventName":"n8n.node.started","message":"n8n.node.started","payload":{"workflowId":"EgA0TKzm0yI8KDxC","workflowName":"Migração de dados","executionId":"72","nodeType":"n8n-nodes-base.set","nodeName":"Set RH","nodeId":"2cf19e78-fb7b-44a2-9a53-8fcc2cf498d5"}}
{"__type":"$$EventMessageConfirm","confirm":"60173e81-3093-4ecf-b258-ecb013f54bc3","ts":"2025-08-20T23:37:41.958-03:00","source":{"id":"0","name":"eventBus"}}
{"__type":"$$EventMessageNode","id":"ba71c0aa-21e2-49cd-b890-8bd344634ff0","ts":"2025-08-20T23:37:41.970-03:00","eventName":"n8n.node.finished","message":"n8n.node.finished","payload":{"workflowId":"EgA0TKzm0yI8KDxC","workflowName":"Migração de dados","executionId":"72","nodeType":"n8n-nodes-base.set","nodeName":"Set RH","nodeId":"2cf19e78-fb7b-44a2-9a53-8fcc2cf498d5"}}
{"__type":"$$EventMessageConfirm","confirm":"ba71c0aa-21e2-49cd-b890-8bd344634ff0","ts":"2025-08-20T23:37:41.970-03:00","source":{"id":"0","name":"eventBus"}}
{"__type":"$$EventMessageNode","id":"bc329232-b47b-46a7-b9af-1f2887ac9a06","ts":"2025-08-20T23:37:41.970-03:00","eventName":"n8n.node.started","message":"n8n.node.started","payload":{"workflowId":"EgA0TKzm0yI8KDxC","workflowName":"Migração de dados","executionId":"72","nodeType":"n8n-nodes-base.httpRequest","nodeName":"HTTP Request","nodeId":"d66d3ff5-cf27-4ce9-a698-5727b1754f07"}}
{"__type":"$$EventMessageConfirm","confirm":"bc329232-b47b-46a7-b9af-1f2887ac9a06","ts":"2025-08-20T23:37:41.971-03:00","source":{"id":"0","name":"eventBus"}}
{"__type":"$$EventMessageNode","id":"55cde7af-76c7-4120-97e4-3cfeda44968d","ts":"2025-08-20T23:37:42.122-03:00","eventName":"n8n.node.finished","message":"n8n.node.finished","payload":{"workflowId":"EgA0TKzm0yI8KDxC","workflowName":"Migração de dados","executionId":"72","nodeType":"n8n-nodes-base.httpRequest","nodeName":"HTTP Request","nodeId":"d66d3ff5-cf27-4ce9-a698-5727b1754f07"}}
{"__type":"$$EventMessageConfirm","confirm":"55cde7af-76c7-4120-97e4-3cfeda44968d","ts":"2025-08-20T23:37:42.123-03:00","source":{"id":"0","name":"eventBus"}}
{"__type":"$$EventMessageNode","id":"f9478ada-c67e-448e-aea6-2c532320a120","ts":"2025-08-20T23:37:42.123-03:00","eventName":"n8n.node.started","message":"n8n.node.started","payload":{"workflowId":"EgA0TKzm0yI8KDxC","workflowName":"Migração de dados","executionId":"72","nodeType":"n8n-nodes-base.googleSheets","nodeName":"pega linhas IA1","nodeId":"5571721e-fd55-4109-b4ec-7859dcb05118"}}
{"__type":"$$EventMessageConfirm","confirm":"f9478ada-c67e-448e-aea6-2c532320a120","ts":"2025-08-20T23:37:42.124-03:00","source":{"id":"0","name":"eventBus"}}
{"__type":"$$EventMessageNode","id":"e6bbc6e2-88c5-4b9e-b2ce-4dab3275dbaa","ts":"2025-08-20T23:37:43.001-03:00","eventName":"n8n.node.finished","message":"n8n.node.finished","payload":{"workflowId":"EgA0TKzm0yI8KDxC","workflowName":"Migração de dados","executionId":"72","nodeType":"n8n-nodes-base.googleSheets","nodeName":"pega linhas IA1","nodeId":"5571721e-fd55-4109-b4ec-7859dcb05118"}}
{"__type":"$$EventMessageConfirm","confirm":"e6bbc6e2-88c5-4b9e-b2ce-4dab3275dbaa","ts":"2025-08-20T23:37:43.001-03:00","source":{"id":"0","name":"eventBus"}}
{"__type":"$$EventMessageNode","id":"b2f315a9-cf60-4fef-8e5a-168cb463aeee","ts":"2025-08-20T23:37:43.002-03:00","eventName":"n8n.node.started","message":"n8n.node.started","payload":{"workflowId":"EgA0TKzm0yI8KDxC","workflowName":"Migração de dados","executionId":"72","nodeType":"n8n-nodes-base.set","nodeName":"Set IA","nodeId":"3b2c0c76-72de-486f-9419-2a7bcff4bb11"}}
{"__type":"$$EventMessageConfirm","confirm":"b2f315a9-cf60-4fef-8e5a-168cb463aeee","ts":"2025-08-20T23:37:43.002-03:00","source":{"id":"0","name":"eventBus"}}
{"__type":"$$EventMessageNode","id":"d5ada37a-f1aa-4c01-9666-ef4bba932b4b","ts":"2025-08-20T23:37:43.006-03:00","eventName":"n8n.node.finished","message":"n8n.node.finished","payload":{"workflowId":"EgA0TKzm0yI8KDxC","workflowName":"Migração de dados","executionId":"72","nodeType":"n8n-nodes-base.set","nodeName":"Set IA","nodeId":"3b2c0c76-72de-486f-9419-2a7bcff4bb11"}}
{"__type":"$$EventMessageConfirm","confirm":"d5ada37a-f1aa-4c01-9666-ef4bba932b4b","ts":"2025-08-20T23:37:43.006-03:00","source":{"id":"0","name":"eventBus"}}
{"__type":"$$EventMessageNode","id":"c7e6c702-17f7-4cc7-8e11-72cfbdac47be","ts":"2025-08-20T23:37:43.007-03:00","eventName":"n8n.node.started","message":"n8n.node.started","payload":{"workflowId":"EgA0TKzm0yI8KDxC","workflowName":"Migração de dados","executionId":"72","nodeType":"n8n-nodes-base.httpRequest","nodeName":"HTTP Request","nodeId":"d66d3ff5-cf27-4ce9-a698-5727b1754f07"}}
{"__type":"$$EventMessageConfirm","confirm":"c7e6c702-17f7-4cc7-8e11-72cfbdac47be","ts":"2025-08-20T23:37:43.007-03:00","source":{"id":"0","name":"eventBus"}}
{"__type":"$$EventMessageNode","id":"77597ba9-6cae-4d64-8bf1-891d199fe951","ts":"2025-08-20T23:37:43.045-03:00","eventName":"n8n.node.finished","message":"n8n.node.finished","payload":{"workflowId":"EgA0TKzm0yI8KDxC","workflowName":"Migração de dados","executionId":"72","nodeType":"n8n-nodes-base.httpRequest","nodeName":"HTTP Request","nodeId":"d66d3ff5-cf27-4ce9-a698-5727b1754f07"}}
{"__type":"$$EventMessageConfirm","confirm":"77597ba9-6cae-4d64-8bf1-891d199fe951","ts":"2025-08-20T23:37:43.046-03:00","source":{"id":"0","name":"eventBus"}}
{"__type":"$$EventMessageNode","id":"896eb3e8-816c-4a41-b76f-9171a408be06","ts":"2025-08-20T23:37:43.046-03:00","eventName":"n8n.node.started","message":"n8n.node.started","payload":{"workflowId":"EgA0TKzm0yI8KDxC","workflowName":"Migração de dados","executionId":"72","nodeType":"n8n-nodes-base.googleSheets","nodeName":"pega linhas Marketing","nodeId":"da73adc7-1435-4142-84fa-3a01d59bfd2d"}}
{"__type":"$$EventMessageConfirm","confirm":"896eb3e8-816c-4a41-b76f-9171a408be06","ts":"2025-08-20T23:37:43.047-03:00","source":{"id":"0","name":"eventBus"}}
{"__type":"$$EventMessageNode","id":"05564c79-3a08-4b7c-ab3c-6be5f01f2610","ts":"2025-08-20T23:37:44.061-03:00","eventName":"n8n.node.finished","message":"n8n.node.finished","payload":{"workflowId":"EgA0TKzm0yI8KDxC","workflowName":"Migração de dados","executionId":"72","nodeType":"n8n-nodes-base.googleSheets","nodeName":"pega linhas Marketing","nodeId":"da73adc7-1435-4142-84fa-3a01d59bfd2d"}}
{"__type":"$$EventMessageConfirm","confirm":"05564c79-3a08-4b7c-ab3c-6be5f01f2610","ts":"2025-08-20T23:37:44.061-03:00","source":{"id":"0","name":"eventBus"}}
{"__type":"$$EventMessageNode","id":"91b9696e-c16d-4916-89ae-2c9437902230","ts":"2025-08-20T23:37:44.062-03:00","eventName":"n8n.node.started","message":"n8n.node.started","payload":{"workflowId":"EgA0TKzm0yI8KDxC","workflowName":"Migração de dados","executionId":"72","nodeType":"n8n-nodes-base.set","nodeName":"Set Marketing","nodeId":"0d3eb093-05c6-48ba-b543-5010417cc63a"}}
{"__type":"$$EventMessageConfirm","confirm":"91b9696e-c16d-4916-89ae-2c9437902230","ts":"2025-08-20T23:37:44.062-03:00","source":{"id":"0","name":"eventBus"}}
{"__type":"$$EventMessageNode","id":"a371f2d1-9b7f-4dbf-867a-75473e616d7f","ts":"2025-08-20T23:37:44.077-03:00","eventName":"n8n.node.finished","message":"n8n.node.finished","payload":{"workflowId":"EgA0TKzm0yI8KDxC","workflowName":"Migração de dados","executionId":"72","nodeType":"n8n-nodes-base.set","nodeName":"Set Marketing","nodeId":"0d3eb093-05c6-48ba-b543-5010417cc63a"}}
{"__type":"$$EventMessageConfirm","confirm":"a371f2d1-9b7f-4dbf-867a-75473e616d7f","ts":"2025-08-20T23:37:44.077-03:00","source":{"id":"0","name":"eventBus"}}
{"__type":"$$EventMessageWorkflow","id":"e75fc6a4-01d3-4ead-bc8f-be33bf38b1e6","ts":"2025-08-20T23:37:44.080-03:00","eventName":"n8n.workflow.success","message":"n8n.workflow.success","payload":{"userId":"e6246bcb-7e8e-456b-b834-e5d3d76715e3","executionId":"72","success":true,"isManual":true,"workflowId":"EgA0TKzm0yI8KDxC","workflowName":"Migração de dados"}}
{"__type":"$$EventMessageConfirm","confirm":"e75fc6a4-01d3-4ead-bc8f-be33bf38b1e6","ts":"2025-08-20T23:37:44.081-03:00","source":{"id":"0","name":"eventBus"}}
{"__type":"$$EventMessageWorkflow","id":"8735a939-f3f1-4e67-849e-6f37176e0aae","ts":"2025-08-20T23:39:03.225-03:00","eventName":"n8n.workflow.started","message":"n8n.workflow.started","payload":{"executionId":"73","workflowId":"EgA0TKzm0yI8KDxC","isManual":false,"workflowName":"Migração de dados"}}
{"__type":"$$EventMessageConfirm","confirm":"8735a939-f3f1-4e67-849e-6f37176e0aae","ts":"2025-08-20T23:39:03.225-03:00","source":{"id":"0","name":"eventBus"}}
{"__type":"$$EventMessageNode","id":"d0b732b0-6bd4-4f92-abc7-d2a259f797d9","ts":"2025-08-20T23:39:03.227-03:00","eventName":"n8n.node.started","message":"n8n.node.started","payload":{"workflowId":"EgA0TKzm0yI8KDxC","workflowName":"Migração de dados","executionId":"73","nodeType":"n8n-nodes-base.httpRequest","nodeName":"HTTP Request1","nodeId":"e7ae64fb-8052-4564-b302-251740cf8d04"}}
{"__type":"$$EventMessageConfirm","confirm":"d0b732b0-6bd4-4f92-abc7-d2a259f797d9","ts":"2025-08-20T23:39:03.227-03:00","source":{"id":"0","name":"eventBus"}}
{"__type":"$$EventMessageNode","id":"5559848d-cf13-4465-8ee3-99596ece6b19","ts":"2025-08-20T23:39:03.292-03:00","eventName":"n8n.node.finished","message":"n8n.node.finished","payload":{"workflowId":"EgA0TKzm0yI8KDxC","workflowName":"Migração de dados","executionId":"73","nodeType":"n8n-nodes-base.httpRequest","nodeName":"HTTP Request1","nodeId":"e7ae64fb-8052-4564-b302-251740cf8d04"}}
{"__type":"$$EventMessageConfirm","confirm":"5559848d-cf13-4465-8ee3-99596ece6b19","ts":"2025-08-20T23:39:03.292-03:00","source":{"id":"0","name":"eventBus"}}
{"__type":"$$EventMessageWorkflow","id":"c8dca10a-5c03-4969-80b4-779d91106aab","ts":"2025-08-20T23:39:03.298-03:00","eventName":"n8n.workflow.failed","message":"n8n.workflow.failed","payload":{"userId":"e6246bcb-7e8e-456b-b834-e5d3d76715e3","executionId":"73","success":false,"isManual":true,"workflowId":"EgA0TKzm0yI8KDxC","workflowName":"Migração de dados","lastNodeExecuted":"HTTP Request1","errorNodeType":"n8n-nodes-base.httpRequest","errorMessage":"Your request is invalid or could not be processed by the service"}}
{"__type":"$$EventMessageConfirm","confirm":"c8dca10a-5c03-4969-80b4-779d91106aab","ts":"2025-08-20T23:39:03.298-03:00","source":{"id":"0","name":"eventBus"}}
{"__type":"$$EventMessageWorkflow","id":"488f571b-79f5-42be-92ab-6901809e52e8","ts":"2025-08-20T23:43:00.481-03:00","eventName":"n8n.workflow.started","message":"n8n.workflow.started","payload":{"executionId":"74","workflowId":"EgA0TKzm0yI8KDxC","isManual":false,"workflowName":"Migração de dados"}}
{"__type":"$$EventMessageConfirm","confirm":"488f571b-79f5-42be-92ab-6901809e52e8","ts":"2025-08-20T23:43:00.481-03:00","source":{"id":"0","name":"eventBus"}}
{"__type":"$$EventMessageNode","id":"8b79db0c-1da4-42e5-9edb-795d802338f6","ts":"2025-08-20T23:43:00.482-03:00","eventName":"n8n.node.started","message":"n8n.node.started","payload":{"workflowId":"EgA0TKzm0yI8KDxC","workflowName":"Migração de dados","executionId":"74","nodeType":"n8n-nodes-base.set","nodeName":"Set Marketing","nodeId":"0d3eb093-05c6-48ba-b543-5010417cc63a"}}
{"__type":"$$EventMessageConfirm","confirm":"8b79db0c-1da4-42e5-9edb-795d802338f6","ts":"2025-08-20T23:43:00.482-03:00","source":{"id":"0","name":"eventBus"}}
{"__type":"$$EventMessageNode","id":"43890984-d189-467f-a16d-e1dcd02990cd","ts":"2025-08-20T23:43:00.505-03:00","eventName":"n8n.node.finished","message":"n8n.node.finished","payload":{"workflowId":"EgA0TKzm0yI8KDxC","workflowName":"Migração de dados","executionId":"74","nodeType":"n8n-nodes-base.set","nodeName":"Set Marketing","nodeId":"0d3eb093-05c6-48ba-b543-5010417cc63a"}}
{"__type":"$$EventMessageConfirm","confirm":"43890984-d189-467f-a16d-e1dcd02990cd","ts":"2025-08-20T23:43:00.505-03:00","source":{"id":"0","name":"eventBus"}}
{"__type":"$$EventMessageWorkflow","id":"cb3eb851-4def-4d8b-b50d-4f86a5e90ade","ts":"2025-08-20T23:43:00.507-03:00","eventName":"n8n.workflow.success","message":"n8n.workflow.success","payload":{"userId":"e6246bcb-7e8e-456b-b834-e5d3d76715e3","executionId":"74","success":true,"isManual":true,"workflowId":"EgA0TKzm0yI8KDxC","workflowName":"Migração de dados"}}
{"__type":"$$EventMessageConfirm","confirm":"cb3eb851-4def-4d8b-b50d-4f86a5e90ade","ts":"2025-08-20T23:43:00.507-03:00","source":{"id":"0","name":"eventBus"}}
{"__type":"$$EventMessageWorkflow","id":"75bfd1e9-8457-4bb3-8b48-47510297aeb1","ts":"2025-08-20T23:43:12.468-03:00","eventName":"n8n.workflow.started","message":"n8n.workflow.started","payload":{"executionId":"75","workflowId":"EgA0TKzm0yI8KDxC","isManual":false,"workflowName":"Migração de dados"}}
{"__type":"$$EventMessageConfirm","confirm":"75bfd1e9-8457-4bb3-8b48-47510297aeb1","ts":"2025-08-20T23:43:12.468-03:00","source":{"id":"0","name":"eventBus"}}
{"__type":"$$EventMessageNode","id":"6122b13b-c8f8-48c9-ab33-f04ff76ce096","ts":"2025-08-20T23:43:12.468-03:00","eventName":"n8n.node.started","message":"n8n.node.started","payload":{"workflowId":"EgA0TKzm0yI8KDxC","workflowName":"Migração de dados","executionId":"75","nodeType":"n8n-nodes-base.manualTrigger","nodeName":"When clicking ‘Execute workflow’","nodeId":"81a209d8-ee80-4676-a809-1517c115370e"}}
{"__type":"$$EventMessageConfirm","confirm":"6122b13b-c8f8-48c9-ab33-f04ff76ce096","ts":"2025-08-20T23:43:12.468-03:00","source":{"id":"0","name":"eventBus"}}
{"__type":"$$EventMessageNode","id":"0eb73287-6497-4879-9a44-10dd4dbc2cbd","ts":"2025-08-20T23:43:12.470-03:00","eventName":"n8n.node.finished","message":"n8n.node.finished","payload":{"workflowId":"EgA0TKzm0yI8KDxC","workflowName":"Migração de dados","executionId":"75","nodeType":"n8n-nodes-base.manualTrigger","nodeName":"When clicking ‘Execute workflow’","nodeId":"81a209d8-ee80-4676-a809-1517c115370e"}}
{"__type":"$$EventMessageConfirm","confirm":"0eb73287-6497-4879-9a44-10dd4dbc2cbd","ts":"2025-08-20T23:43:12.470-03:00","source":{"id":"0","name":"eventBus"}}
{"__type":"$$EventMessageNode","id":"12a81d04-201a-44bd-b5c2-ffb3b5007694","ts":"2025-08-20T23:43:12.470-03:00","eventName":"n8n.node.started","message":"n8n.node.started","payload":{"workflowId":"EgA0TKzm0yI8KDxC","workflowName":"Migração de dados","executionId":"75","nodeType":"n8n-nodes-base.googleSheets","nodeName":"pega linhas RH","nodeId":"03ca851d-7626-4836-a0cb-8597ec71ff56"}}
{"__type":"$$EventMessageConfirm","confirm":"12a81d04-201a-44bd-b5c2-ffb3b5007694","ts":"2025-08-20T23:43:12.471-03:00","source":{"id":"0","name":"eventBus"}}
{"__type":"$$EventMessageNode","id":"2a0f730c-d533-458e-b551-311150df0e1e","ts":"2025-08-20T23:43:13.639-03:00","eventName":"n8n.node.finished","message":"n8n.node.finished","payload":{"workflowId":"EgA0TKzm0yI8KDxC","workflowName":"Migração de dados","executionId":"75","nodeType":"n8n-nodes-base.googleSheets","nodeName":"pega linhas RH","nodeId":"03ca851d-7626-4836-a0cb-8597ec71ff56"}}
{"__type":"$$EventMessageConfirm","confirm":"2a0f730c-d533-458e-b551-311150df0e1e","ts":"2025-08-20T23:43:13.639-03:00","source":{"id":"0","name":"eventBus"}}
{"__type":"$$EventMessageNode","id":"c8e9176d-73ee-4f6b-88a2-45c567fbe47d","ts":"2025-08-20T23:43:13.640-03:00","eventName":"n8n.node.started","message":"n8n.node.started","payload":{"workflowId":"EgA0TKzm0yI8KDxC","workflowName":"Migração de dados","executionId":"75","nodeType":"n8n-nodes-base.set","nodeName":"Set RH","nodeId":"2cf19e78-fb7b-44a2-9a53-8fcc2cf498d5"}}
{"__type":"$$EventMessageConfirm","confirm":"c8e9176d-73ee-4f6b-88a2-45c567fbe47d","ts":"2025-08-20T23:43:13.640-03:00","source":{"id":"0","name":"eventBus"}}
{"__type":"$$EventMessageNode","id":"3ab2510f-646a-4d26-9790-2aaf907baa2a","ts":"2025-08-20T23:43:13.647-03:00","eventName":"n8n.node.finished","message":"n8n.node.finished","payload":{"workflowId":"EgA0TKzm0yI8KDxC","workflowName":"Migração de dados","executionId":"75","nodeType":"n8n-nodes-base.set","nodeName":"Set RH","nodeId":"2cf19e78-fb7b-44a2-9a53-8fcc2cf498d5"}}
{"__type":"$$EventMessageConfirm","confirm":"3ab2510f-646a-4d26-9790-2aaf907baa2a","ts":"2025-08-20T23:43:13.647-03:00","source":{"id":"0","name":"eventBus"}}
{"__type":"$$EventMessageNode","id":"d2721c2c-c59b-4967-98c1-e5295e4bc045","ts":"2025-08-20T23:43:13.647-03:00","eventName":"n8n.node.started","message":"n8n.node.started","payload":{"workflowId":"EgA0TKzm0yI8KDxC","workflowName":"Migração de dados","executionId":"75","nodeType":"n8n-nodes-base.httpRequest","nodeName":"HTTP Request","nodeId":"d66d3ff5-cf27-4ce9-a698-5727b1754f07"}}
{"__type":"$$EventMessageConfirm","confirm":"d2721c2c-c59b-4967-98c1-e5295e4bc045","ts":"2025-08-20T23:43:13.647-03:00","source":{"id":"0","name":"eventBus"}}
{"__type":"$$EventMessageNode","id":"416550a7-0fb0-41a8-8750-4a76c210e18a","ts":"2025-08-20T23:43:13.820-03:00","eventName":"n8n.node.finished","message":"n8n.node.finished","payload":{"workflowId":"EgA0TKzm0yI8KDxC","workflowName":"Migração de dados","executionId":"75","nodeType":"n8n-nodes-base.httpRequest","nodeName":"HTTP Request","nodeId":"d66d3ff5-cf27-4ce9-a698-5727b1754f07"}}
{"__type":"$$EventMessageConfirm","confirm":"416550a7-0fb0-41a8-8750-4a76c210e18a","ts":"2025-08-20T23:43:13.820-03:00","source":{"id":"0","name":"eventBus"}}
{"__type":"$$EventMessageNode","id":"cb4b14f6-2b95-47eb-a146-3332e365dcae","ts":"2025-08-20T23:43:13.820-03:00","eventName":"n8n.node.started","message":"n8n.node.started","payload":{"workflowId":"EgA0TKzm0yI8KDxC","workflowName":"Migração de dados","executionId":"75","nodeType":"n8n-nodes-base.googleSheets","nodeName":"pega linhas IA1","nodeId":"5571721e-fd55-4109-b4ec-7859dcb05118"}}
{"__type":"$$EventMessageConfirm","confirm":"cb4b14f6-2b95-47eb-a146-3332e365dcae","ts":"2025-08-20T23:43:13.821-03:00","source":{"id":"0","name":"eventBus"}}
{"__type":"$$EventMessageNode","id":"06b8409d-d6bb-43e3-a37c-e96a4348376f","ts":"2025-08-20T23:43:14.993-03:00","eventName":"n8n.node.finished","message":"n8n.node.finished","payload":{"workflowId":"EgA0TKzm0yI8KDxC","workflowName":"Migração de dados","executionId":"75","nodeType":"n8n-nodes-base.googleSheets","nodeName":"pega linhas IA1","nodeId":"5571721e-fd55-4109-b4ec-7859dcb05118"}}
{"__type":"$$EventMessageConfirm","confirm":"06b8409d-d6bb-43e3-a37c-e96a4348376f","ts":"2025-08-20T23:43:14.993-03:00","source":{"id":"0","name":"eventBus"}}
{"__type":"$$EventMessageNode","id":"fe5fdde3-558c-44d3-b06c-da6670a03906","ts":"2025-08-20T23:43:14.994-03:00","eventName":"n8n.node.started","message":"n8n.node.started","payload":{"workflowId":"EgA0TKzm0yI8KDxC","workflowName":"Migração de dados","executionId":"75","nodeType":"n8n-nodes-base.set","nodeName":"Set IA","nodeId":"3b2c0c76-72de-486f-9419-2a7bcff4bb11"}}
{"__type":"$$EventMessageConfirm","confirm":"fe5fdde3-558c-44d3-b06c-da6670a03906","ts":"2025-08-20T23:43:14.994-03:00","source":{"id":"0","name":"eventBus"}}
{"__type":"$$EventMessageNode","id":"290e06a0-153a-4c4e-a7e9-cd7ed7932190","ts":"2025-08-20T23:43:14.999-03:00","eventName":"n8n.node.finished","message":"n8n.node.finished","payload":{"workflowId":"EgA0TKzm0yI8KDxC","workflowName":"Migração de dados","executionId":"75","nodeType":"n8n-nodes-base.set","nodeName":"Set IA","nodeId":"3b2c0c76-72de-486f-9419-2a7bcff4bb11"}}
{"__type":"$$EventMessageConfirm","confirm":"290e06a0-153a-4c4e-a7e9-cd7ed7932190","ts":"2025-08-20T23:43:14.999-03:00","source":{"id":"0","name":"eventBus"}}
{"__type":"$$EventMessageNode","id":"0d297c57-4eb9-4ad1-9294-706ee5553aee","ts":"2025-08-20T23:43:14.999-03:00","eventName":"n8n.node.started","message":"n8n.node.started","payload":{"workflowId":"EgA0TKzm0yI8KDxC","workflowName":"Migração de dados","executionId":"75","nodeType":"n8n-nodes-base.httpRequest","nodeName":"HTTP Request","nodeId":"d66d3ff5-cf27-4ce9-a698-5727b1754f07"}}
{"__type":"$$EventMessageConfirm","confirm":"0d297c57-4eb9-4ad1-9294-706ee5553aee","ts":"2025-08-20T23:43:14.999-03:00","source":{"id":"0","name":"eventBus"}}
{"__type":"$$EventMessageNode","id":"e3b27668-3c93-4ca7-a947-0ab5a4e3d189","ts":"2025-08-20T23:43:15.031-03:00","eventName":"n8n.node.finished","message":"n8n.node.finished","payload":{"workflowId":"EgA0TKzm0yI8KDxC","workflowName":"Migração de dados","executionId":"75","nodeType":"n8n-nodes-base.httpRequest","nodeName":"HTTP Request","nodeId":"d66d3ff5-cf27-4ce9-a698-5727b1754f07"}}
{"__type":"$$EventMessageConfirm","confirm":"e3b27668-3c93-4ca7-a947-0ab5a4e3d189","ts":"2025-08-20T23:43:15.031-03:00","source":{"id":"0","name":"eventBus"}}
{"__type":"$$EventMessageNode","id":"8641ce4c-6595-46f4-b0c5-2bde9d625919","ts":"2025-08-20T23:43:15.032-03:00","eventName":"n8n.node.started","message":"n8n.node.started","payload":{"workflowId":"EgA0TKzm0yI8KDxC","workflowName":"Migração de dados","executionId":"75","nodeType":"n8n-nodes-base.googleSheets","nodeName":"pega linhas Marketing","nodeId":"da73adc7-1435-4142-84fa-3a01d59bfd2d"}}
{"__type":"$$EventMessageConfirm","confirm":"8641ce4c-6595-46f4-b0c5-2bde9d625919","ts":"2025-08-20T23:43:15.032-03:00","source":{"id":"0","name":"eventBus"}}
{"__type":"$$EventMessageNode","id":"d0b4d9fa-18ae-4d1d-b302-5e3cd295f067","ts":"2025-08-20T23:43:16.362-03:00","eventName":"n8n.node.finished","message":"n8n.node.finished","payload":{"workflowId":"EgA0TKzm0yI8KDxC","workflowName":"Migração de dados","executionId":"75","nodeType":"n8n-nodes-base.googleSheets","nodeName":"pega linhas Marketing","nodeId":"da73adc7-1435-4142-84fa-3a01d59bfd2d"}}
{"__type":"$$EventMessageConfirm","confirm":"d0b4d9fa-18ae-4d1d-b302-5e3cd295f067","ts":"2025-08-20T23:43:16.362-03:00","source":{"id":"0","name":"eventBus"}}
{"__type":"$$EventMessageNode","id":"1085e760-8f17-4622-84da-ef10898ecd10","ts":"2025-08-20T23:43:16.363-03:00","eventName":"n8n.node.started","message":"n8n.node.started","payload":{"workflowId":"EgA0TKzm0yI8KDxC","workflowName":"Migração de dados","executionId":"75","nodeType":"n8n-nodes-base.set","nodeName":"Set Marketing","nodeId":"0d3eb093-05c6-48ba-b543-5010417cc63a"}}
{"__type":"$$EventMessageConfirm","confirm":"1085e760-8f17-4622-84da-ef10898ecd10","ts":"2025-08-20T23:43:16.363-03:00","source":{"id":"0","name":"eventBus"}}
{"__type":"$$EventMessageNode","id":"d159bb6e-cb21-47b8-b199-1c5eb96e59c4","ts":"2025-08-20T23:43:16.373-03:00","eventName":"n8n.node.finished","message":"n8n.node.finished","payload":{"workflowId":"EgA0TKzm0yI8KDxC","workflowName":"Migração de dados","executionId":"75","nodeType":"n8n-nodes-base.set","nodeName":"Set Marketing","nodeId":"0d3eb093-05c6-48ba-b543-5010417cc63a"}}
{"__type":"$$EventMessageConfirm","confirm":"d159bb6e-cb21-47b8-b199-1c5eb96e59c4","ts":"2025-08-20T23:43:16.373-03:00","source":{"id":"0","name":"eventBus"}}
{"__type":"$$EventMessageNode","id":"8bbcc263-b533-49f0-8ee2-cf09326dbd1c","ts":"2025-08-20T23:43:16.373-03:00","eventName":"n8n.node.started","message":"n8n.node.started","payload":{"workflowId":"EgA0TKzm0yI8KDxC","workflowName":"Migração de dados","executionId":"75","nodeType":"n8n-nodes-base.httpRequest","nodeName":"HTTP Request","nodeId":"d66d3ff5-cf27-4ce9-a698-5727b1754f07"}}
{"__type":"$$EventMessageConfirm","confirm":"8bbcc263-b533-49f0-8ee2-cf09326dbd1c","ts":"2025-08-20T23:43:16.374-03:00","source":{"id":"0","name":"eventBus"}}
{"__type":"$$EventMessageNode","id":"5bc60351-adfd-4dfe-80d2-26fa0a8049d0","ts":"2025-08-20T23:43:16.555-03:00","eventName":"n8n.node.finished","message":"n8n.node.finished","payload":{"workflowId":"EgA0TKzm0yI8KDxC","workflowName":"Migração de dados","executionId":"75","nodeType":"n8n-nodes-base.httpRequest","nodeName":"HTTP Request","nodeId":"d66d3ff5-cf27-4ce9-a698-5727b1754f07"}}
{"__type":"$$EventMessageConfirm","confirm":"5bc60351-adfd-4dfe-80d2-26fa0a8049d0","ts":"2025-08-20T23:43:16.555-03:00","source":{"id":"0","name":"eventBus"}}
{"__type":"$$EventMessageWorkflow","id":"f77586ac-38ac-42b0-b230-7fe8ded0484e","ts":"2025-08-20T23:43:16.558-03:00","eventName":"n8n.workflow.success","message":"n8n.workflow.success","payload":{"userId":"e6246bcb-7e8e-456b-b834-e5d3d76715e3","executionId":"75","success":true,"isManual":true,"workflowId":"EgA0TKzm0yI8KDxC","workflowName":"Migração de dados"}}
{"__type":"$$EventMessageConfirm","confirm":"f77586ac-38ac-42b0-b230-7fe8ded0484e","ts":"2025-08-20T23:43:16.558-03:00","source":{"id":"0","name":"eventBus"}}
{"__type":"$$EventMessageAudit","id":"8feaeea8-caea-4afe-a67b-71944ecf44e6","ts":"2025-08-20T23:43:34.094-03:00","eventName":"n8n.audit.workflow.updated","message":"n8n.audit.workflow.updated","payload":{"userId":"e6246bcb-7e8e-456b-b834-e5d3d76715e3","_email":"hfelixmsouza@gmail.com","_firstName":"Helmer","_lastName":"Barcelos","globalRole":"global:owner","workflowId":"EgA0TKzm0yI8KDxC","workflowName":"Migração de dados"}}
{"__type":"$$EventMessageConfirm","confirm":"8feaeea8-caea-4afe-a67b-71944ecf44e6","ts":"2025-08-20T23:43:34.095-03:00","source":{"id":"0","name":"eventBus"}}
{"__type":"$$EventMessageAudit","id":"a6ee7aed-8c2d-4f9c-a771-fd69c8d70e05","ts":"2025-08-21T00:22:41.329-03:00","eventName":"n8n.audit.workflow.created","message":"n8n.audit.workflow.created","payload":{"userId":"e6246bcb-7e8e-456b-b834-e5d3d76715e3","_email":"hfelixmsouza@gmail.com","_firstName":"Helmer","_lastName":"Barcelos","globalRole":"global:owner","workflowId":"4ZTqPxKEbbdq7GUf","workflowName":"IA consulta eventos"}}
{"__type":"$$EventMessageConfirm","confirm":"a6ee7aed-8c2d-4f9c-a771-fd69c8d70e05","ts":"2025-08-21T00:22:41.330-03:00","source":{"id":"0","name":"eventBus"}}
{"__type":"$$EventMessageAudit","id":"577f0dd6-d216-48aa-9bd4-c553b5a73783","ts":"2025-08-21T00:26:33.636-03:00","eventName":"n8n.audit.workflow.updated","message":"n8n.audit.workflow.updated","payload":{"userId":"e6246bcb-7e8e-456b-b834-e5d3d76715e3","_email":"hfelixmsouza@gmail.com","_firstName":"Helmer","_lastName":"Barcelos","globalRole":"global:owner","workflowId":"4ZTqPxKEbbdq7GUf","workflowName":"IA consulta eventos"}}
{"__type":"$$EventMessageConfirm","confirm":"577f0dd6-d216-48aa-9bd4-c553b5a73783","ts":"2025-08-21T00:26:33.637-03:00","source":{"id":"0","name":"eventBus"}}
