{"__type":"$$EventMessageWorkflow","id":"965e4207-b6e4-4a74-8c73-d8ce2a4d178b","ts":"2025-08-23T13:43:49.037-03:00","eventName":"n8n.workflow.started","message":"n8n.workflow.started","payload":{"executionId":"290","workflowId":"EgA0TKzm0yI8KDxC","isManual":false,"workflowName":"Migração de dados"}}
{"__type":"$$EventMessageConfirm","confirm":"965e4207-b6e4-4a74-8c73-d8ce2a4d178b","ts":"2025-08-23T13:43:49.038-03:00","source":{"id":"0","name":"eventBus"}}
{"__type":"$$EventMessageNode","id":"ae291dc0-2e2e-4ee7-8557-e574dea7e190","ts":"2025-08-23T13:43:49.040-03:00","eventName":"n8n.node.started","message":"n8n.node.started","payload":{"workflowId":"EgA0TKzm0yI8KDxC","workflowName":"Migração de dados","executionId":"290","nodeType":"n8n-nodes-base.manualTrigger","nodeName":"When clicking ‘Execute workflow’","nodeId":"81a209d8-ee80-4676-a809-1517c115370e"}}
{"__type":"$$EventMessageConfirm","confirm":"ae291dc0-2e2e-4ee7-8557-e574dea7e190","ts":"2025-08-23T13:43:49.040-03:00","source":{"id":"0","name":"eventBus"}}
{"__type":"$$EventMessageNode","id":"517f7811-f8d0-45c2-85b3-fcebd1ed8484","ts":"2025-08-23T13:43:49.049-03:00","eventName":"n8n.node.finished","message":"n8n.node.finished","payload":{"workflowId":"EgA0TKzm0yI8KDxC","workflowName":"Migração de dados","executionId":"290","nodeType":"n8n-nodes-base.manualTrigger","nodeName":"When clicking ‘Execute workflow’","nodeId":"81a209d8-ee80-4676-a809-1517c115370e"}}
{"__type":"$$EventMessageConfirm","confirm":"517f7811-f8d0-45c2-85b3-fcebd1ed8484","ts":"2025-08-23T13:43:49.049-03:00","source":{"id":"0","name":"eventBus"}}
{"__type":"$$EventMessageNode","id":"e50e8d79-1537-405e-8523-363af83666cf","ts":"2025-08-23T13:43:49.050-03:00","eventName":"n8n.node.started","message":"n8n.node.started","payload":{"workflowId":"EgA0TKzm0yI8KDxC","workflowName":"Migração de dados","executionId":"290","nodeType":"n8n-nodes-base.googleSheets","nodeName":"pega linhas RH","nodeId":"03ca851d-7626-4836-a0cb-8597ec71ff56"}}
{"__type":"$$EventMessageConfirm","confirm":"e50e8d79-1537-405e-8523-363af83666cf","ts":"2025-08-23T13:43:49.051-03:00","source":{"id":"0","name":"eventBus"}}
{"__type":"$$EventMessageNode","id":"9022a024-6427-42e2-b6fc-de6ce80cce01","ts":"2025-08-23T13:43:50.627-03:00","eventName":"n8n.node.finished","message":"n8n.node.finished","payload":{"workflowId":"EgA0TKzm0yI8KDxC","workflowName":"Migração de dados","executionId":"290","nodeType":"n8n-nodes-base.googleSheets","nodeName":"pega linhas RH","nodeId":"03ca851d-7626-4836-a0cb-8597ec71ff56"}}
{"__type":"$$EventMessageConfirm","confirm":"9022a024-6427-42e2-b6fc-de6ce80cce01","ts":"2025-08-23T13:43:50.627-03:00","source":{"id":"0","name":"eventBus"}}
{"__type":"$$EventMessageNode","id":"ff943090-d97c-45d6-98b7-50fed818718f","ts":"2025-08-23T13:43:50.628-03:00","eventName":"n8n.node.started","message":"n8n.node.started","payload":{"workflowId":"EgA0TKzm0yI8KDxC","workflowName":"Migração de dados","executionId":"290","nodeType":"n8n-nodes-base.set","nodeName":"Set RH","nodeId":"2cf19e78-fb7b-44a2-9a53-8fcc2cf498d5"}}
{"__type":"$$EventMessageConfirm","confirm":"ff943090-d97c-45d6-98b7-50fed818718f","ts":"2025-08-23T13:43:50.628-03:00","source":{"id":"0","name":"eventBus"}}
{"__type":"$$EventMessageNode","id":"ad9f6109-183f-4637-be55-78276ffb8de3","ts":"2025-08-23T13:43:50.709-03:00","eventName":"n8n.node.finished","message":"n8n.node.finished","payload":{"workflowId":"EgA0TKzm0yI8KDxC","workflowName":"Migração de dados","executionId":"290","nodeType":"n8n-nodes-base.set","nodeName":"Set RH","nodeId":"2cf19e78-fb7b-44a2-9a53-8fcc2cf498d5"}}
{"__type":"$$EventMessageConfirm","confirm":"ad9f6109-183f-4637-be55-78276ffb8de3","ts":"2025-08-23T13:43:50.709-03:00","source":{"id":"0","name":"eventBus"}}
{"__type":"$$EventMessageNode","id":"4e7c7695-22dc-4696-8ba9-3b9e1c9bc471","ts":"2025-08-23T13:43:50.710-03:00","eventName":"n8n.node.started","message":"n8n.node.started","payload":{"workflowId":"EgA0TKzm0yI8KDxC","workflowName":"Migração de dados","executionId":"290","nodeType":"n8n-nodes-base.httpRequest","nodeName":"HTTP Request","nodeId":"d66d3ff5-cf27-4ce9-a698-5727b1754f07"}}
{"__type":"$$EventMessageConfirm","confirm":"4e7c7695-22dc-4696-8ba9-3b9e1c9bc471","ts":"2025-08-23T13:43:50.710-03:00","source":{"id":"0","name":"eventBus"}}
{"__type":"$$EventMessageNode","id":"2d452988-d01b-4b9b-a82f-58b8fa0ee865","ts":"2025-08-23T13:43:51.095-03:00","eventName":"n8n.node.finished","message":"n8n.node.finished","payload":{"workflowId":"EgA0TKzm0yI8KDxC","workflowName":"Migração de dados","executionId":"290","nodeType":"n8n-nodes-base.httpRequest","nodeName":"HTTP Request","nodeId":"d66d3ff5-cf27-4ce9-a698-5727b1754f07"}}
{"__type":"$$EventMessageConfirm","confirm":"2d452988-d01b-4b9b-a82f-58b8fa0ee865","ts":"2025-08-23T13:43:51.095-03:00","source":{"id":"0","name":"eventBus"}}
{"__type":"$$EventMessageNode","id":"f0f2c62a-fb29-4edd-8588-5c9c5110ad9d","ts":"2025-08-23T13:43:51.096-03:00","eventName":"n8n.node.started","message":"n8n.node.started","payload":{"workflowId":"EgA0TKzm0yI8KDxC","workflowName":"Migração de dados","executionId":"290","nodeType":"n8n-nodes-base.googleSheets","nodeName":"pega linhas IA1","nodeId":"5571721e-fd55-4109-b4ec-7859dcb05118"}}
{"__type":"$$EventMessageConfirm","confirm":"f0f2c62a-fb29-4edd-8588-5c9c5110ad9d","ts":"2025-08-23T13:43:51.096-03:00","source":{"id":"0","name":"eventBus"}}
{"__type":"$$EventMessageNode","id":"eee80d0a-552d-458b-bdb0-9a8c7d5913ae","ts":"2025-08-23T13:43:52.441-03:00","eventName":"n8n.node.finished","message":"n8n.node.finished","payload":{"workflowId":"EgA0TKzm0yI8KDxC","workflowName":"Migração de dados","executionId":"290","nodeType":"n8n-nodes-base.googleSheets","nodeName":"pega linhas IA1","nodeId":"5571721e-fd55-4109-b4ec-7859dcb05118"}}
{"__type":"$$EventMessageConfirm","confirm":"eee80d0a-552d-458b-bdb0-9a8c7d5913ae","ts":"2025-08-23T13:43:52.442-03:00","source":{"id":"0","name":"eventBus"}}
{"__type":"$$EventMessageNode","id":"6c371222-96e4-4b0d-a6b5-69b5ecb5be9c","ts":"2025-08-23T13:43:52.442-03:00","eventName":"n8n.node.started","message":"n8n.node.started","payload":{"workflowId":"EgA0TKzm0yI8KDxC","workflowName":"Migração de dados","executionId":"290","nodeType":"n8n-nodes-base.set","nodeName":"Set IA","nodeId":"3b2c0c76-72de-486f-9419-2a7bcff4bb11"}}
{"__type":"$$EventMessageConfirm","confirm":"6c371222-96e4-4b0d-a6b5-69b5ecb5be9c","ts":"2025-08-23T13:43:52.442-03:00","source":{"id":"0","name":"eventBus"}}
{"__type":"$$EventMessageNode","id":"fbe85e55-c9b9-422d-bfe1-336028c4f9de","ts":"2025-08-23T13:43:52.463-03:00","eventName":"n8n.node.finished","message":"n8n.node.finished","payload":{"workflowId":"EgA0TKzm0yI8KDxC","workflowName":"Migração de dados","executionId":"290","nodeType":"n8n-nodes-base.set","nodeName":"Set IA","nodeId":"3b2c0c76-72de-486f-9419-2a7bcff4bb11"}}
{"__type":"$$EventMessageConfirm","confirm":"fbe85e55-c9b9-422d-bfe1-336028c4f9de","ts":"2025-08-23T13:43:52.463-03:00","source":{"id":"0","name":"eventBus"}}
{"__type":"$$EventMessageNode","id":"c33b5cba-9220-4a1f-a1dc-e41f845f7bac","ts":"2025-08-23T13:43:52.463-03:00","eventName":"n8n.node.started","message":"n8n.node.started","payload":{"workflowId":"EgA0TKzm0yI8KDxC","workflowName":"Migração de dados","executionId":"290","nodeType":"n8n-nodes-base.httpRequest","nodeName":"HTTP Request","nodeId":"d66d3ff5-cf27-4ce9-a698-5727b1754f07"}}
{"__type":"$$EventMessageConfirm","confirm":"c33b5cba-9220-4a1f-a1dc-e41f845f7bac","ts":"2025-08-23T13:43:52.463-03:00","source":{"id":"0","name":"eventBus"}}
{"__type":"$$EventMessageNode","id":"21b6dbd7-0a06-49d8-9cde-8a97924351ed","ts":"2025-08-23T13:43:52.527-03:00","eventName":"n8n.node.finished","message":"n8n.node.finished","payload":{"workflowId":"EgA0TKzm0yI8KDxC","workflowName":"Migração de dados","executionId":"290","nodeType":"n8n-nodes-base.httpRequest","nodeName":"HTTP Request","nodeId":"d66d3ff5-cf27-4ce9-a698-5727b1754f07"}}
{"__type":"$$EventMessageConfirm","confirm":"21b6dbd7-0a06-49d8-9cde-8a97924351ed","ts":"2025-08-23T13:43:52.527-03:00","source":{"id":"0","name":"eventBus"}}
{"__type":"$$EventMessageNode","id":"a615e7dc-b3e3-4a93-b394-18de83429e1c","ts":"2025-08-23T13:43:52.530-03:00","eventName":"n8n.node.started","message":"n8n.node.started","payload":{"workflowId":"EgA0TKzm0yI8KDxC","workflowName":"Migração de dados","executionId":"290","nodeType":"n8n-nodes-base.googleSheets","nodeName":"pega linhas Marketing","nodeId":"da73adc7-1435-4142-84fa-3a01d59bfd2d"}}
{"__type":"$$EventMessageConfirm","confirm":"a615e7dc-b3e3-4a93-b394-18de83429e1c","ts":"2025-08-23T13:43:52.530-03:00","source":{"id":"0","name":"eventBus"}}
{"__type":"$$EventMessageNode","id":"6f4628a7-3201-43b2-8cd1-2e100a62832f","ts":"2025-08-23T13:43:53.959-03:00","eventName":"n8n.node.finished","message":"n8n.node.finished","payload":{"workflowId":"EgA0TKzm0yI8KDxC","workflowName":"Migração de dados","executionId":"290","nodeType":"n8n-nodes-base.googleSheets","nodeName":"pega linhas Marketing","nodeId":"da73adc7-1435-4142-84fa-3a01d59bfd2d"}}
{"__type":"$$EventMessageConfirm","confirm":"6f4628a7-3201-43b2-8cd1-2e100a62832f","ts":"2025-08-23T13:43:53.959-03:00","source":{"id":"0","name":"eventBus"}}
{"__type":"$$EventMessageNode","id":"2a417f60-b099-41f6-9c3b-ae2c9e4c0ca4","ts":"2025-08-23T13:43:53.960-03:00","eventName":"n8n.node.started","message":"n8n.node.started","payload":{"workflowId":"EgA0TKzm0yI8KDxC","workflowName":"Migração de dados","executionId":"290","nodeType":"n8n-nodes-base.set","nodeName":"Set Marketing","nodeId":"0d3eb093-05c6-48ba-b543-5010417cc63a"}}
{"__type":"$$EventMessageConfirm","confirm":"2a417f60-b099-41f6-9c3b-ae2c9e4c0ca4","ts":"2025-08-23T13:43:53.960-03:00","source":{"id":"0","name":"eventBus"}}
{"__type":"$$EventMessageNode","id":"c96a63c6-01e8-4810-8303-d977a6c309c3","ts":"2025-08-23T13:43:54.013-03:00","eventName":"n8n.node.finished","message":"n8n.node.finished","payload":{"workflowId":"EgA0TKzm0yI8KDxC","workflowName":"Migração de dados","executionId":"290","nodeType":"n8n-nodes-base.set","nodeName":"Set Marketing","nodeId":"0d3eb093-05c6-48ba-b543-5010417cc63a"}}
{"__type":"$$EventMessageConfirm","confirm":"c96a63c6-01e8-4810-8303-d977a6c309c3","ts":"2025-08-23T13:43:54.013-03:00","source":{"id":"0","name":"eventBus"}}
{"__type":"$$EventMessageNode","id":"5730b68b-2798-407e-aeb5-475bd326e6a8","ts":"2025-08-23T13:43:54.013-03:00","eventName":"n8n.node.started","message":"n8n.node.started","payload":{"workflowId":"EgA0TKzm0yI8KDxC","workflowName":"Migração de dados","executionId":"290","nodeType":"n8n-nodes-base.httpRequest","nodeName":"HTTP Request","nodeId":"d66d3ff5-cf27-4ce9-a698-5727b1754f07"}}
{"__type":"$$EventMessageConfirm","confirm":"5730b68b-2798-407e-aeb5-475bd326e6a8","ts":"2025-08-23T13:43:54.014-03:00","source":{"id":"0","name":"eventBus"}}
{"__type":"$$EventMessageNode","id":"a6e1e4c2-fb40-4351-902c-415f536e8d71","ts":"2025-08-23T13:43:54.208-03:00","eventName":"n8n.node.finished","message":"n8n.node.finished","payload":{"workflowId":"EgA0TKzm0yI8KDxC","workflowName":"Migração de dados","executionId":"290","nodeType":"n8n-nodes-base.httpRequest","nodeName":"HTTP Request","nodeId":"d66d3ff5-cf27-4ce9-a698-5727b1754f07"}}
{"__type":"$$EventMessageConfirm","confirm":"a6e1e4c2-fb40-4351-902c-415f536e8d71","ts":"2025-08-23T13:43:54.208-03:00","source":{"id":"0","name":"eventBus"}}
{"__type":"$$EventMessageWorkflow","id":"7819dbd3-503a-40cd-be4b-ae5c5183a80b","ts":"2025-08-23T13:43:54.227-03:00","eventName":"n8n.workflow.success","message":"n8n.workflow.success","payload":{"userId":"e6246bcb-7e8e-456b-b834-e5d3d76715e3","executionId":"290","success":true,"isManual":true,"workflowId":"EgA0TKzm0yI8KDxC","workflowName":"Migração de dados"}}
{"__type":"$$EventMessageConfirm","confirm":"7819dbd3-503a-40cd-be4b-ae5c5183a80b","ts":"2025-08-23T13:43:54.228-03:00","source":{"id":"0","name":"eventBus"}}
