{"__type":"$$EventMessageWorkflow","id":"6870ab66-1ba5-48d0-81f5-edfaf3ed1618","ts":"2025-08-22T21:14:30.560-03:00","eventName":"n8n.workflow.started","message":"n8n.workflow.started","payload":{"executionId":"196","workflowId":"EgA0TKzm0yI8KDxC","isManual":false,"workflowName":"Migração de dados"}}
{"__type":"$$EventMessageConfirm","confirm":"6870ab66-1ba5-48d0-81f5-edfaf3ed1618","ts":"2025-08-22T21:14:30.561-03:00","source":{"id":"0","name":"eventBus"}}
{"__type":"$$EventMessageNode","id":"552cef9e-7497-446e-8872-8e7c0ec27e50","ts":"2025-08-22T21:14:30.563-03:00","eventName":"n8n.node.started","message":"n8n.node.started","payload":{"workflowId":"EgA0TKzm0yI8KDxC","workflowName":"Migração de dados","executionId":"196","nodeType":"n8n-nodes-base.manualTrigger","nodeName":"When clicking ‘Execute workflow’","nodeId":"81a209d8-ee80-4676-a809-1517c115370e"}}
{"__type":"$$EventMessageConfirm","confirm":"552cef9e-7497-446e-8872-8e7c0ec27e50","ts":"2025-08-22T21:14:30.563-03:00","source":{"id":"0","name":"eventBus"}}
{"__type":"$$EventMessageNode","id":"0a8a9c77-affa-4b4b-b25e-8b3404616034","ts":"2025-08-22T21:14:30.572-03:00","eventName":"n8n.node.finished","message":"n8n.node.finished","payload":{"workflowId":"EgA0TKzm0yI8KDxC","workflowName":"Migração de dados","executionId":"196","nodeType":"n8n-nodes-base.manualTrigger","nodeName":"When clicking ‘Execute workflow’","nodeId":"81a209d8-ee80-4676-a809-1517c115370e"}}
{"__type":"$$EventMessageConfirm","confirm":"0a8a9c77-affa-4b4b-b25e-8b3404616034","ts":"2025-08-22T21:14:30.572-03:00","source":{"id":"0","name":"eventBus"}}
{"__type":"$$EventMessageNode","id":"7a0c5bde-674d-4bad-8388-857749d6fdaf","ts":"2025-08-22T21:14:30.573-03:00","eventName":"n8n.node.started","message":"n8n.node.started","payload":{"workflowId":"EgA0TKzm0yI8KDxC","workflowName":"Migração de dados","executionId":"196","nodeType":"n8n-nodes-base.googleSheets","nodeName":"pega linhas RH","nodeId":"03ca851d-7626-4836-a0cb-8597ec71ff56"}}
{"__type":"$$EventMessageConfirm","confirm":"7a0c5bde-674d-4bad-8388-857749d6fdaf","ts":"2025-08-22T21:14:30.574-03:00","source":{"id":"0","name":"eventBus"}}
{"__type":"$$EventMessageNode","id":"f9e6b68d-4a53-4948-93b0-9cc2efb47704","ts":"2025-08-22T21:14:31.813-03:00","eventName":"n8n.node.finished","message":"n8n.node.finished","payload":{"workflowId":"EgA0TKzm0yI8KDxC","workflowName":"Migração de dados","executionId":"196","nodeType":"n8n-nodes-base.googleSheets","nodeName":"pega linhas RH","nodeId":"03ca851d-7626-4836-a0cb-8597ec71ff56"}}
{"__type":"$$EventMessageConfirm","confirm":"f9e6b68d-4a53-4948-93b0-9cc2efb47704","ts":"2025-08-22T21:14:31.813-03:00","source":{"id":"0","name":"eventBus"}}
{"__type":"$$EventMessageNode","id":"abc7b52c-b496-47a8-8966-8264f90943c2","ts":"2025-08-22T21:14:31.814-03:00","eventName":"n8n.node.started","message":"n8n.node.started","payload":{"workflowId":"EgA0TKzm0yI8KDxC","workflowName":"Migração de dados","executionId":"196","nodeType":"n8n-nodes-base.set","nodeName":"Set RH","nodeId":"2cf19e78-fb7b-44a2-9a53-8fcc2cf498d5"}}
{"__type":"$$EventMessageConfirm","confirm":"abc7b52c-b496-47a8-8966-8264f90943c2","ts":"2025-08-22T21:14:31.814-03:00","source":{"id":"0","name":"eventBus"}}
{"__type":"$$EventMessageNode","id":"c429a62f-6d7c-417b-ab8a-76078b4788aa","ts":"2025-08-22T21:14:31.859-03:00","eventName":"n8n.node.finished","message":"n8n.node.finished","payload":{"workflowId":"EgA0TKzm0yI8KDxC","workflowName":"Migração de dados","executionId":"196","nodeType":"n8n-nodes-base.set","nodeName":"Set RH","nodeId":"2cf19e78-fb7b-44a2-9a53-8fcc2cf498d5"}}
{"__type":"$$EventMessageConfirm","confirm":"c429a62f-6d7c-417b-ab8a-76078b4788aa","ts":"2025-08-22T21:14:31.859-03:00","source":{"id":"0","name":"eventBus"}}
{"__type":"$$EventMessageNode","id":"00dc3300-c813-4ee8-82a8-4afd38331ec8","ts":"2025-08-22T21:14:31.860-03:00","eventName":"n8n.node.started","message":"n8n.node.started","payload":{"workflowId":"EgA0TKzm0yI8KDxC","workflowName":"Migração de dados","executionId":"196","nodeType":"n8n-nodes-base.httpRequest","nodeName":"HTTP Request","nodeId":"d66d3ff5-cf27-4ce9-a698-5727b1754f07"}}
{"__type":"$$EventMessageConfirm","confirm":"00dc3300-c813-4ee8-82a8-4afd38331ec8","ts":"2025-08-22T21:14:31.860-03:00","source":{"id":"0","name":"eventBus"}}
{"__type":"$$EventMessageNode","id":"bc574217-29ff-4040-b807-a807e14c7a3a","ts":"2025-08-22T21:14:32.011-03:00","eventName":"n8n.node.finished","message":"n8n.node.finished","payload":{"workflowId":"EgA0TKzm0yI8KDxC","workflowName":"Migração de dados","executionId":"196","nodeType":"n8n-nodes-base.httpRequest","nodeName":"HTTP Request","nodeId":"d66d3ff5-cf27-4ce9-a698-5727b1754f07"}}
{"__type":"$$EventMessageConfirm","confirm":"bc574217-29ff-4040-b807-a807e14c7a3a","ts":"2025-08-22T21:14:32.011-03:00","source":{"id":"0","name":"eventBus"}}
{"__type":"$$EventMessageWorkflow","id":"5ab46c49-173a-4cea-8224-932e1593699e","ts":"2025-08-22T21:14:32.019-03:00","eventName":"n8n.workflow.failed","message":"n8n.workflow.failed","payload":{"userId":"e6246bcb-7e8e-456b-b834-e5d3d76715e3","executionId":"196","success":false,"isManual":true,"workflowId":"EgA0TKzm0yI8KDxC","workflowName":"Migração de dados","lastNodeExecuted":"HTTP Request","errorNodeType":"n8n-nodes-base.httpRequest","errorMessage":"The service refused the connection - perhaps it is offline"}}
{"__type":"$$EventMessageConfirm","confirm":"5ab46c49-173a-4cea-8224-932e1593699e","ts":"2025-08-22T21:14:32.019-03:00","source":{"id":"0","name":"eventBus"}}
{"__type":"$$EventMessageWorkflow","id":"3c3911f1-d22c-4b11-afa9-c68b1b262166","ts":"2025-08-22T21:14:56.370-03:00","eventName":"n8n.workflow.started","message":"n8n.workflow.started","payload":{"executionId":"197","workflowId":"EgA0TKzm0yI8KDxC","isManual":false,"workflowName":"Migração de dados"}}
{"__type":"$$EventMessageConfirm","confirm":"3c3911f1-d22c-4b11-afa9-c68b1b262166","ts":"2025-08-22T21:14:56.370-03:00","source":{"id":"0","name":"eventBus"}}
{"__type":"$$EventMessageNode","id":"37b23656-1869-48c3-a6bf-092fdd31a484","ts":"2025-08-22T21:14:56.371-03:00","eventName":"n8n.node.started","message":"n8n.node.started","payload":{"workflowId":"EgA0TKzm0yI8KDxC","workflowName":"Migração de dados","executionId":"197","nodeType":"n8n-nodes-base.manualTrigger","nodeName":"When clicking ‘Execute workflow’","nodeId":"81a209d8-ee80-4676-a809-1517c115370e"}}
{"__type":"$$EventMessageConfirm","confirm":"37b23656-1869-48c3-a6bf-092fdd31a484","ts":"2025-08-22T21:14:56.372-03:00","source":{"id":"0","name":"eventBus"}}
{"__type":"$$EventMessageNode","id":"e5e8bfe8-4765-4b80-b0d1-c5208c660e46","ts":"2025-08-22T21:14:56.374-03:00","eventName":"n8n.node.finished","message":"n8n.node.finished","payload":{"workflowId":"EgA0TKzm0yI8KDxC","workflowName":"Migração de dados","executionId":"197","nodeType":"n8n-nodes-base.manualTrigger","nodeName":"When clicking ‘Execute workflow’","nodeId":"81a209d8-ee80-4676-a809-1517c115370e"}}
{"__type":"$$EventMessageConfirm","confirm":"e5e8bfe8-4765-4b80-b0d1-c5208c660e46","ts":"2025-08-22T21:14:56.374-03:00","source":{"id":"0","name":"eventBus"}}
{"__type":"$$EventMessageNode","id":"91485743-40d2-49b7-8324-cb5eb6510c6c","ts":"2025-08-22T21:14:56.376-03:00","eventName":"n8n.node.started","message":"n8n.node.started","payload":{"workflowId":"EgA0TKzm0yI8KDxC","workflowName":"Migração de dados","executionId":"197","nodeType":"n8n-nodes-base.googleSheets","nodeName":"pega linhas RH","nodeId":"03ca851d-7626-4836-a0cb-8597ec71ff56"}}
{"__type":"$$EventMessageConfirm","confirm":"91485743-40d2-49b7-8324-cb5eb6510c6c","ts":"2025-08-22T21:14:56.376-03:00","source":{"id":"0","name":"eventBus"}}
{"__type":"$$EventMessageNode","id":"f80479ea-453d-4f91-a1f1-8c702f394adf","ts":"2025-08-22T21:14:57.290-03:00","eventName":"n8n.node.finished","message":"n8n.node.finished","payload":{"workflowId":"EgA0TKzm0yI8KDxC","workflowName":"Migração de dados","executionId":"197","nodeType":"n8n-nodes-base.googleSheets","nodeName":"pega linhas RH","nodeId":"03ca851d-7626-4836-a0cb-8597ec71ff56"}}
{"__type":"$$EventMessageConfirm","confirm":"f80479ea-453d-4f91-a1f1-8c702f394adf","ts":"2025-08-22T21:14:57.290-03:00","source":{"id":"0","name":"eventBus"}}
{"__type":"$$EventMessageNode","id":"2ad66168-0276-4b17-9837-73366a163dcd","ts":"2025-08-22T21:14:57.291-03:00","eventName":"n8n.node.started","message":"n8n.node.started","payload":{"workflowId":"EgA0TKzm0yI8KDxC","workflowName":"Migração de dados","executionId":"197","nodeType":"n8n-nodes-base.set","nodeName":"Set RH","nodeId":"2cf19e78-fb7b-44a2-9a53-8fcc2cf498d5"}}
{"__type":"$$EventMessageConfirm","confirm":"2ad66168-0276-4b17-9837-73366a163dcd","ts":"2025-08-22T21:14:57.291-03:00","source":{"id":"0","name":"eventBus"}}
{"__type":"$$EventMessageNode","id":"cda14799-8469-4f30-916b-014419a48119","ts":"2025-08-22T21:14:57.302-03:00","eventName":"n8n.node.finished","message":"n8n.node.finished","payload":{"workflowId":"EgA0TKzm0yI8KDxC","workflowName":"Migração de dados","executionId":"197","nodeType":"n8n-nodes-base.set","nodeName":"Set RH","nodeId":"2cf19e78-fb7b-44a2-9a53-8fcc2cf498d5"}}
{"__type":"$$EventMessageConfirm","confirm":"cda14799-8469-4f30-916b-014419a48119","ts":"2025-08-22T21:14:57.302-03:00","source":{"id":"0","name":"eventBus"}}
{"__type":"$$EventMessageNode","id":"e7d75034-2c8b-4a47-916b-8e6d441d1b33","ts":"2025-08-22T21:14:57.303-03:00","eventName":"n8n.node.started","message":"n8n.node.started","payload":{"workflowId":"EgA0TKzm0yI8KDxC","workflowName":"Migração de dados","executionId":"197","nodeType":"n8n-nodes-base.httpRequest","nodeName":"HTTP Request","nodeId":"d66d3ff5-cf27-4ce9-a698-5727b1754f07"}}
{"__type":"$$EventMessageConfirm","confirm":"e7d75034-2c8b-4a47-916b-8e6d441d1b33","ts":"2025-08-22T21:14:57.303-03:00","source":{"id":"0","name":"eventBus"}}
{"__type":"$$EventMessageNode","id":"c77f1ab0-4339-4fed-a65c-f1b3b39b188d","ts":"2025-08-22T21:14:57.329-03:00","eventName":"n8n.node.finished","message":"n8n.node.finished","payload":{"workflowId":"EgA0TKzm0yI8KDxC","workflowName":"Migração de dados","executionId":"197","nodeType":"n8n-nodes-base.httpRequest","nodeName":"HTTP Request","nodeId":"d66d3ff5-cf27-4ce9-a698-5727b1754f07"}}
{"__type":"$$EventMessageConfirm","confirm":"c77f1ab0-4339-4fed-a65c-f1b3b39b188d","ts":"2025-08-22T21:14:57.329-03:00","source":{"id":"0","name":"eventBus"}}
{"__type":"$$EventMessageWorkflow","id":"d130c810-297e-4175-b16b-edd26b1dc33d","ts":"2025-08-22T21:14:57.338-03:00","eventName":"n8n.workflow.failed","message":"n8n.workflow.failed","payload":{"userId":"e6246bcb-7e8e-456b-b834-e5d3d76715e3","executionId":"197","success":false,"isManual":true,"workflowId":"EgA0TKzm0yI8KDxC","workflowName":"Migração de dados","lastNodeExecuted":"HTTP Request","errorNodeType":"n8n-nodes-base.httpRequest","errorMessage":"The service refused the connection - perhaps it is offline"}}
{"__type":"$$EventMessageConfirm","confirm":"d130c810-297e-4175-b16b-edd26b1dc33d","ts":"2025-08-22T21:14:57.338-03:00","source":{"id":"0","name":"eventBus"}}
{"__type":"$$EventMessageWorkflow","id":"e9d0e581-c15f-485b-a0e9-805911f2fbf5","ts":"2025-08-22T21:17:10.589-03:00","eventName":"n8n.workflow.started","message":"n8n.workflow.started","payload":{"executionId":"198","workflowId":"EgA0TKzm0yI8KDxC","isManual":false,"workflowName":"Migração de dados"}}
{"__type":"$$EventMessageConfirm","confirm":"e9d0e581-c15f-485b-a0e9-805911f2fbf5","ts":"2025-08-22T21:17:10.589-03:00","source":{"id":"0","name":"eventBus"}}
{"__type":"$$EventMessageNode","id":"b19e1d27-0038-4e80-8860-afdcc1ca6c26","ts":"2025-08-22T21:17:10.590-03:00","eventName":"n8n.node.started","message":"n8n.node.started","payload":{"workflowId":"EgA0TKzm0yI8KDxC","workflowName":"Migração de dados","executionId":"198","nodeType":"n8n-nodes-base.httpRequest","nodeName":"HTTP Request","nodeId":"d66d3ff5-cf27-4ce9-a698-5727b1754f07"}}
{"__type":"$$EventMessageConfirm","confirm":"b19e1d27-0038-4e80-8860-afdcc1ca6c26","ts":"2025-08-22T21:17:10.590-03:00","source":{"id":"0","name":"eventBus"}}
{"__type":"$$EventMessageNode","id":"f3e5d9a3-c58c-46f9-a81a-c1eadb822172","ts":"2025-08-22T21:17:10.616-03:00","eventName":"n8n.node.finished","message":"n8n.node.finished","payload":{"workflowId":"EgA0TKzm0yI8KDxC","workflowName":"Migração de dados","executionId":"198","nodeType":"n8n-nodes-base.httpRequest","nodeName":"HTTP Request","nodeId":"d66d3ff5-cf27-4ce9-a698-5727b1754f07"}}
{"__type":"$$EventMessageConfirm","confirm":"f3e5d9a3-c58c-46f9-a81a-c1eadb822172","ts":"2025-08-22T21:17:10.616-03:00","source":{"id":"0","name":"eventBus"}}
{"__type":"$$EventMessageWorkflow","id":"6ab8f2d8-1ccf-4d8f-b02d-891c67a6f738","ts":"2025-08-22T21:17:10.623-03:00","eventName":"n8n.workflow.failed","message":"n8n.workflow.failed","payload":{"userId":"e6246bcb-7e8e-456b-b834-e5d3d76715e3","executionId":"198","success":false,"isManual":true,"workflowId":"EgA0TKzm0yI8KDxC","workflowName":"Migração de dados","lastNodeExecuted":"HTTP Request","errorNodeType":"n8n-nodes-base.httpRequest","errorMessage":"The service refused the connection - perhaps it is offline"}}
{"__type":"$$EventMessageConfirm","confirm":"6ab8f2d8-1ccf-4d8f-b02d-891c67a6f738","ts":"2025-08-22T21:17:10.623-03:00","source":{"id":"0","name":"eventBus"}}
