{"__type":"$$EventMessageWorkflow","id":"3d3b99da-2f89-4644-bf11-11ebf30ec246","ts":"2025-08-22T21:45:15.129-03:00","eventName":"n8n.workflow.started","message":"n8n.workflow.started","payload":{"executionId":"202","workflowId":"EgA0TKzm0yI8KDxC","isManual":false,"workflowName":"Migração de dados"}}
{"__type":"$$EventMessageConfirm","confirm":"3d3b99da-2f89-4644-bf11-11ebf30ec246","ts":"2025-08-22T21:45:15.130-03:00","source":{"id":"0","name":"eventBus"}}
{"__type":"$$EventMessageNode","id":"c4f96c5c-cace-4488-86ea-637904a07f53","ts":"2025-08-22T21:45:15.132-03:00","eventName":"n8n.node.started","message":"n8n.node.started","payload":{"workflowId":"EgA0TKzm0yI8KDxC","workflowName":"Migração de dados","executionId":"202","nodeType":"n8n-nodes-base.manualTrigger","nodeName":"When clicking ‘Execute workflow’","nodeId":"81a209d8-ee80-4676-a809-1517c115370e"}}
{"__type":"$$EventMessageConfirm","confirm":"c4f96c5c-cace-4488-86ea-637904a07f53","ts":"2025-08-22T21:45:15.132-03:00","source":{"id":"0","name":"eventBus"}}
{"__type":"$$EventMessageNode","id":"ce8a771e-ded8-4e93-aa9b-1b473c237a88","ts":"2025-08-22T21:45:15.140-03:00","eventName":"n8n.node.finished","message":"n8n.node.finished","payload":{"workflowId":"EgA0TKzm0yI8KDxC","workflowName":"Migração de dados","executionId":"202","nodeType":"n8n-nodes-base.manualTrigger","nodeName":"When clicking ‘Execute workflow’","nodeId":"81a209d8-ee80-4676-a809-1517c115370e"}}
{"__type":"$$EventMessageConfirm","confirm":"ce8a771e-ded8-4e93-aa9b-1b473c237a88","ts":"2025-08-22T21:45:15.140-03:00","source":{"id":"0","name":"eventBus"}}
{"__type":"$$EventMessageNode","id":"b8737e25-87b3-4d4f-98cf-cde43e09d026","ts":"2025-08-22T21:45:15.141-03:00","eventName":"n8n.node.started","message":"n8n.node.started","payload":{"workflowId":"EgA0TKzm0yI8KDxC","workflowName":"Migração de dados","executionId":"202","nodeType":"n8n-nodes-base.googleSheets","nodeName":"pega linhas RH","nodeId":"03ca851d-7626-4836-a0cb-8597ec71ff56"}}
{"__type":"$$EventMessageConfirm","confirm":"b8737e25-87b3-4d4f-98cf-cde43e09d026","ts":"2025-08-22T21:45:15.142-03:00","source":{"id":"0","name":"eventBus"}}
{"__type":"$$EventMessageNode","id":"9c5eac9c-0113-406d-8944-602ad23ab242","ts":"2025-08-22T21:45:16.300-03:00","eventName":"n8n.node.finished","message":"n8n.node.finished","payload":{"workflowId":"EgA0TKzm0yI8KDxC","workflowName":"Migração de dados","executionId":"202","nodeType":"n8n-nodes-base.googleSheets","nodeName":"pega linhas RH","nodeId":"03ca851d-7626-4836-a0cb-8597ec71ff56"}}
{"__type":"$$EventMessageConfirm","confirm":"9c5eac9c-0113-406d-8944-602ad23ab242","ts":"2025-08-22T21:45:16.300-03:00","source":{"id":"0","name":"eventBus"}}
{"__type":"$$EventMessageNode","id":"0c27612e-d036-4900-a385-751d7570acaa","ts":"2025-08-22T21:45:16.301-03:00","eventName":"n8n.node.started","message":"n8n.node.started","payload":{"workflowId":"EgA0TKzm0yI8KDxC","workflowName":"Migração de dados","executionId":"202","nodeType":"n8n-nodes-base.set","nodeName":"Set RH","nodeId":"2cf19e78-fb7b-44a2-9a53-8fcc2cf498d5"}}
{"__type":"$$EventMessageConfirm","confirm":"0c27612e-d036-4900-a385-751d7570acaa","ts":"2025-08-22T21:45:16.301-03:00","source":{"id":"0","name":"eventBus"}}
{"__type":"$$EventMessageNode","id":"c615b336-a38b-479d-a4c2-7c6b2d465cb8","ts":"2025-08-22T21:45:16.353-03:00","eventName":"n8n.node.finished","message":"n8n.node.finished","payload":{"workflowId":"EgA0TKzm0yI8KDxC","workflowName":"Migração de dados","executionId":"202","nodeType":"n8n-nodes-base.set","nodeName":"Set RH","nodeId":"2cf19e78-fb7b-44a2-9a53-8fcc2cf498d5"}}
{"__type":"$$EventMessageConfirm","confirm":"c615b336-a38b-479d-a4c2-7c6b2d465cb8","ts":"2025-08-22T21:45:16.354-03:00","source":{"id":"0","name":"eventBus"}}
{"__type":"$$EventMessageNode","id":"4dff4311-d945-4b29-af58-090274479686","ts":"2025-08-22T21:45:16.355-03:00","eventName":"n8n.node.started","message":"n8n.node.started","payload":{"workflowId":"EgA0TKzm0yI8KDxC","workflowName":"Migração de dados","executionId":"202","nodeType":"n8n-nodes-base.httpRequest","nodeName":"HTTP Request","nodeId":"d66d3ff5-cf27-4ce9-a698-5727b1754f07"}}
{"__type":"$$EventMessageConfirm","confirm":"4dff4311-d945-4b29-af58-090274479686","ts":"2025-08-22T21:45:16.355-03:00","source":{"id":"0","name":"eventBus"}}
{"__type":"$$EventMessageNode","id":"c58f8f5e-c9d3-4e05-99f6-78915eb8517a","ts":"2025-08-22T21:45:16.558-03:00","eventName":"n8n.node.finished","message":"n8n.node.finished","payload":{"workflowId":"EgA0TKzm0yI8KDxC","workflowName":"Migração de dados","executionId":"202","nodeType":"n8n-nodes-base.httpRequest","nodeName":"HTTP Request","nodeId":"d66d3ff5-cf27-4ce9-a698-5727b1754f07"}}
{"__type":"$$EventMessageConfirm","confirm":"c58f8f5e-c9d3-4e05-99f6-78915eb8517a","ts":"2025-08-22T21:45:16.558-03:00","source":{"id":"0","name":"eventBus"}}
{"__type":"$$EventMessageWorkflow","id":"6f2d31a3-7bc8-45fe-9285-b051b8b2cdee","ts":"2025-08-22T21:45:16.567-03:00","eventName":"n8n.workflow.failed","message":"n8n.workflow.failed","payload":{"userId":"e6246bcb-7e8e-456b-b834-e5d3d76715e3","executionId":"202","success":false,"isManual":true,"workflowId":"EgA0TKzm0yI8KDxC","workflowName":"Migração de dados","lastNodeExecuted":"HTTP Request","errorNodeType":"n8n-nodes-base.httpRequest","errorMessage":"The service refused the connection - perhaps it is offline"}}
{"__type":"$$EventMessageConfirm","confirm":"6f2d31a3-7bc8-45fe-9285-b051b8b2cdee","ts":"2025-08-22T21:45:16.567-03:00","source":{"id":"0","name":"eventBus"}}
{"__type":"$$EventMessageWorkflow","id":"8d79a954-430f-4457-9374-70e172c51e82","ts":"2025-08-22T21:45:38.033-03:00","eventName":"n8n.workflow.started","message":"n8n.workflow.started","payload":{"executionId":"203","workflowId":"EgA0TKzm0yI8KDxC","isManual":false,"workflowName":"Migração de dados"}}
{"__type":"$$EventMessageConfirm","confirm":"8d79a954-430f-4457-9374-70e172c51e82","ts":"2025-08-22T21:45:38.033-03:00","source":{"id":"0","name":"eventBus"}}
{"__type":"$$EventMessageNode","id":"f3e604eb-d121-4286-bb1b-0e6c09a2c17c","ts":"2025-08-22T21:45:38.036-03:00","eventName":"n8n.node.started","message":"n8n.node.started","payload":{"workflowId":"EgA0TKzm0yI8KDxC","workflowName":"Migração de dados","executionId":"203","nodeType":"n8n-nodes-base.httpRequest","nodeName":"HTTP Request","nodeId":"d66d3ff5-cf27-4ce9-a698-5727b1754f07"}}
{"__type":"$$EventMessageConfirm","confirm":"f3e604eb-d121-4286-bb1b-0e6c09a2c17c","ts":"2025-08-22T21:45:38.036-03:00","source":{"id":"0","name":"eventBus"}}
{"__type":"$$EventMessageNode","id":"e35b25a2-a452-47f4-96f0-596f0f6af859","ts":"2025-08-22T21:45:38.066-03:00","eventName":"n8n.node.finished","message":"n8n.node.finished","payload":{"workflowId":"EgA0TKzm0yI8KDxC","workflowName":"Migração de dados","executionId":"203","nodeType":"n8n-nodes-base.httpRequest","nodeName":"HTTP Request","nodeId":"d66d3ff5-cf27-4ce9-a698-5727b1754f07"}}
{"__type":"$$EventMessageConfirm","confirm":"e35b25a2-a452-47f4-96f0-596f0f6af859","ts":"2025-08-22T21:45:38.067-03:00","source":{"id":"0","name":"eventBus"}}
{"__type":"$$EventMessageWorkflow","id":"9bcdd86d-4017-443d-a98e-8f50a2286adb","ts":"2025-08-22T21:45:38.072-03:00","eventName":"n8n.workflow.failed","message":"n8n.workflow.failed","payload":{"userId":"e6246bcb-7e8e-456b-b834-e5d3d76715e3","executionId":"203","success":false,"isManual":true,"workflowId":"EgA0TKzm0yI8KDxC","workflowName":"Migração de dados","lastNodeExecuted":"HTTP Request","errorNodeType":"n8n-nodes-base.httpRequest","errorMessage":"The service refused the connection - perhaps it is offline"}}
{"__type":"$$EventMessageConfirm","confirm":"9bcdd86d-4017-443d-a98e-8f50a2286adb","ts":"2025-08-22T21:45:38.072-03:00","source":{"id":"0","name":"eventBus"}}
{"__type":"$$EventMessageWorkflow","id":"25018e77-15ce-4abf-b14c-e5de3b51b007","ts":"2025-08-22T21:46:27.613-03:00","eventName":"n8n.workflow.started","message":"n8n.workflow.started","payload":{"executionId":"204","workflowId":"EgA0TKzm0yI8KDxC","isManual":false,"workflowName":"Migração de dados"}}
{"__type":"$$EventMessageConfirm","confirm":"25018e77-15ce-4abf-b14c-e5de3b51b007","ts":"2025-08-22T21:46:27.614-03:00","source":{"id":"0","name":"eventBus"}}
{"__type":"$$EventMessageNode","id":"fe5b686a-4fed-49be-88ac-889b95850cab","ts":"2025-08-22T21:46:27.617-03:00","eventName":"n8n.node.started","message":"n8n.node.started","payload":{"workflowId":"EgA0TKzm0yI8KDxC","workflowName":"Migração de dados","executionId":"204","nodeType":"n8n-nodes-base.httpRequest","nodeName":"HTTP Request","nodeId":"d66d3ff5-cf27-4ce9-a698-5727b1754f07"}}
{"__type":"$$EventMessageConfirm","confirm":"fe5b686a-4fed-49be-88ac-889b95850cab","ts":"2025-08-22T21:46:27.618-03:00","source":{"id":"0","name":"eventBus"}}
{"__type":"$$EventMessageNode","id":"2a39b0a3-7622-4334-9b05-ea03e1edafd7","ts":"2025-08-22T21:46:27.649-03:00","eventName":"n8n.node.finished","message":"n8n.node.finished","payload":{"workflowId":"EgA0TKzm0yI8KDxC","workflowName":"Migração de dados","executionId":"204","nodeType":"n8n-nodes-base.httpRequest","nodeName":"HTTP Request","nodeId":"d66d3ff5-cf27-4ce9-a698-5727b1754f07"}}
{"__type":"$$EventMessageConfirm","confirm":"2a39b0a3-7622-4334-9b05-ea03e1edafd7","ts":"2025-08-22T21:46:27.650-03:00","source":{"id":"0","name":"eventBus"}}
{"__type":"$$EventMessageWorkflow","id":"c5e4b08b-516f-49a6-b693-b7d6da74617a","ts":"2025-08-22T21:46:27.657-03:00","eventName":"n8n.workflow.failed","message":"n8n.workflow.failed","payload":{"userId":"e6246bcb-7e8e-456b-b834-e5d3d76715e3","executionId":"204","success":false,"isManual":true,"workflowId":"EgA0TKzm0yI8KDxC","workflowName":"Migração de dados","lastNodeExecuted":"HTTP Request","errorNodeType":"n8n-nodes-base.httpRequest","errorMessage":"The service refused the connection - perhaps it is offline"}}
{"__type":"$$EventMessageConfirm","confirm":"c5e4b08b-516f-49a6-b693-b7d6da74617a","ts":"2025-08-22T21:46:27.657-03:00","source":{"id":"0","name":"eventBus"}}
{"__type":"$$EventMessageWorkflow","id":"e839dd9b-d7af-4ff7-9ad1-49ed40488f26","ts":"2025-08-22T21:46:53.887-03:00","eventName":"n8n.workflow.started","message":"n8n.workflow.started","payload":{"executionId":"205","workflowId":"EgA0TKzm0yI8KDxC","isManual":false,"workflowName":"Migração de dados"}}
{"__type":"$$EventMessageConfirm","confirm":"e839dd9b-d7af-4ff7-9ad1-49ed40488f26","ts":"2025-08-22T21:46:53.887-03:00","source":{"id":"0","name":"eventBus"}}
{"__type":"$$EventMessageNode","id":"365a765e-24f0-4bfa-b610-695145d5293c","ts":"2025-08-22T21:46:53.889-03:00","eventName":"n8n.node.started","message":"n8n.node.started","payload":{"workflowId":"EgA0TKzm0yI8KDxC","workflowName":"Migração de dados","executionId":"205","nodeType":"n8n-nodes-base.httpRequest","nodeName":"HTTP Request","nodeId":"d66d3ff5-cf27-4ce9-a698-5727b1754f07"}}
{"__type":"$$EventMessageConfirm","confirm":"365a765e-24f0-4bfa-b610-695145d5293c","ts":"2025-08-22T21:46:53.889-03:00","source":{"id":"0","name":"eventBus"}}
{"__type":"$$EventMessageNode","id":"f199c935-6647-460b-bf14-24b8970d4838","ts":"2025-08-22T21:46:53.926-03:00","eventName":"n8n.node.finished","message":"n8n.node.finished","payload":{"workflowId":"EgA0TKzm0yI8KDxC","workflowName":"Migração de dados","executionId":"205","nodeType":"n8n-nodes-base.httpRequest","nodeName":"HTTP Request","nodeId":"d66d3ff5-cf27-4ce9-a698-5727b1754f07"}}
{"__type":"$$EventMessageConfirm","confirm":"f199c935-6647-460b-bf14-24b8970d4838","ts":"2025-08-22T21:46:53.926-03:00","source":{"id":"0","name":"eventBus"}}
{"__type":"$$EventMessageWorkflow","id":"b9e5c9da-a0c5-4199-b94c-ef00fd809fbc","ts":"2025-08-22T21:46:53.929-03:00","eventName":"n8n.workflow.failed","message":"n8n.workflow.failed","payload":{"userId":"e6246bcb-7e8e-456b-b834-e5d3d76715e3","executionId":"205","success":false,"isManual":true,"workflowId":"EgA0TKzm0yI8KDxC","workflowName":"Migração de dados","lastNodeExecuted":"HTTP Request","errorNodeType":"n8n-nodes-base.httpRequest","errorMessage":"The service refused the connection - perhaps it is offline"}}
{"__type":"$$EventMessageConfirm","confirm":"b9e5c9da-a0c5-4199-b94c-ef00fd809fbc","ts":"2025-08-22T21:46:53.929-03:00","source":{"id":"0","name":"eventBus"}}
{"__type":"$$EventMessageWorkflow","id":"da0084a2-5618-4a74-bfa2-d85325904f54","ts":"2025-08-22T21:48:31.206-03:00","eventName":"n8n.workflow.started","message":"n8n.workflow.started","payload":{"executionId":"206","workflowId":"EgA0TKzm0yI8KDxC","isManual":false,"workflowName":"Migração de dados"}}
{"__type":"$$EventMessageConfirm","confirm":"da0084a2-5618-4a74-bfa2-d85325904f54","ts":"2025-08-22T21:48:31.206-03:00","source":{"id":"0","name":"eventBus"}}
{"__type":"$$EventMessageNode","id":"8a1e1063-4b81-47bc-bc87-f0a0a32271ff","ts":"2025-08-22T21:48:31.207-03:00","eventName":"n8n.node.started","message":"n8n.node.started","payload":{"workflowId":"EgA0TKzm0yI8KDxC","workflowName":"Migração de dados","executionId":"206","nodeType":"n8n-nodes-base.httpRequest","nodeName":"HTTP Request","nodeId":"d66d3ff5-cf27-4ce9-a698-5727b1754f07"}}
{"__type":"$$EventMessageConfirm","confirm":"8a1e1063-4b81-47bc-bc87-f0a0a32271ff","ts":"2025-08-22T21:48:31.207-03:00","source":{"id":"0","name":"eventBus"}}
{"__type":"$$EventMessageNode","id":"aa115308-2bcc-4cb6-9db0-0740780ba0c8","ts":"2025-08-22T21:48:31.232-03:00","eventName":"n8n.node.finished","message":"n8n.node.finished","payload":{"workflowId":"EgA0TKzm0yI8KDxC","workflowName":"Migração de dados","executionId":"206","nodeType":"n8n-nodes-base.httpRequest","nodeName":"HTTP Request","nodeId":"d66d3ff5-cf27-4ce9-a698-5727b1754f07"}}
{"__type":"$$EventMessageConfirm","confirm":"aa115308-2bcc-4cb6-9db0-0740780ba0c8","ts":"2025-08-22T21:48:31.232-03:00","source":{"id":"0","name":"eventBus"}}
{"__type":"$$EventMessageWorkflow","id":"6b1364b4-19b9-4976-bc3b-7d0a8b1fe331","ts":"2025-08-22T21:48:31.235-03:00","eventName":"n8n.workflow.failed","message":"n8n.workflow.failed","payload":{"userId":"e6246bcb-7e8e-456b-b834-e5d3d76715e3","executionId":"206","success":false,"isManual":true,"workflowId":"EgA0TKzm0yI8KDxC","workflowName":"Migração de dados","lastNodeExecuted":"HTTP Request","errorNodeType":"n8n-nodes-base.httpRequest","errorMessage":"The service refused the connection - perhaps it is offline"}}
{"__type":"$$EventMessageConfirm","confirm":"6b1364b4-19b9-4976-bc3b-7d0a8b1fe331","ts":"2025-08-22T21:48:31.235-03:00","source":{"id":"0","name":"eventBus"}}
